GROUP,PACKAGE,CLASS,INSTRUCTION_MISSED,INSTRUCTION_COVERED,BRANCH_MISSED,BRANCH_COVERED,LINE_MISSED,LINE_COVERED,COMPLEXITY_MISSED,COMPLEXITY_COVERED,METHOD_MISSED,METHOD_COVERED
Apache BookKeeper :: Server,org.apache.bookkeeper.zookeeper,ZooKeeperClient.20.new AsyncCallback.DataCallback() {...},38,0,2,0,6,0,3,0,2,0
Apache BookKeeper :: Server,org.apache.bookkeeper.zookeeper,ExponentialBackoffRetryPolicy,40,0,2,0,7,0,4,0,3,0
Apache BookKeeper :: Server,org.apache.bookkeeper.zookeeper,ZooKeeperClient.Builder,188,0,10,0,50,0,16,0,11,0
Apache BookKeeper :: Server,org.apache.bookkeeper.zookeeper,ZooKeeperClient.ZkRetryRunnable,27,0,2,0,9,0,3,0,2,0
Apache BookKeeper :: Server,org.apache.bookkeeper.zookeeper,ZooWorker,183,0,28,0,49,0,21,0,7,0
Apache BookKeeper :: Server,org.apache.bookkeeper.zookeeper,ExponentialBackOffWithDeadlinePolicy,161,0,8,0,19,0,8,0,4,0
Apache BookKeeper :: Server,org.apache.bookkeeper.zookeeper,ZooKeeperClient.8.new AsyncCallback.VoidCallback() {...},36,0,2,0,6,0,3,0,2,0
Apache BookKeeper :: Server,org.apache.bookkeeper.zookeeper,ZooKeeperClient.new ZooKeeperClient.ZkRetryRunnable() {...},75,0,2,0,8,0,4,0,3,0
Apache BookKeeper :: Server,org.apache.bookkeeper.zookeeper,ZooKeeperClient.new ZooKeeperClient.ZkRetryRunnable() {...},74,0,2,0,8,0,4,0,3,0
Apache BookKeeper :: Server,org.apache.bookkeeper.zookeeper,ZooKeeperClient.new ZooWorker.ZooCallable() {...},52,0,2,0,6,0,4,0,3,0
Apache BookKeeper :: Server,org.apache.bookkeeper.zookeeper,ZooKeeperClient.new ZooWorker.ZooCallable() {...},51,0,2,0,6,0,4,0,3,0
Apache BookKeeper :: Server,org.apache.bookkeeper.zookeeper,ZooKeeperClient.new ZooKeeperClient.ZkRetryRunnable() {...},74,0,2,0,8,0,4,0,3,0
Apache BookKeeper :: Server,org.apache.bookkeeper.zookeeper,ZooKeeperClient.new ZooWorker.ZooCallable() {...},59,0,2,0,6,0,4,0,3,0
Apache BookKeeper :: Server,org.apache.bookkeeper.zookeeper,ZooKeeperClient.new ZooWorker.ZooCallable() {...},58,0,2,0,6,0,4,0,3,0
Apache BookKeeper :: Server,org.apache.bookkeeper.zookeeper,ZooKeeperClient.26.new AsyncCallback.Children2Callback() {...},38,0,2,0,6,0,3,0,2,0
Apache BookKeeper :: Server,org.apache.bookkeeper.zookeeper,ZooKeeperClient.new ZooKeeperClient.ZkRetryRunnable() {...},75,0,2,0,8,0,4,0,3,0
Apache BookKeeper :: Server,org.apache.bookkeeper.zookeeper,ZooKeeperClient.new ZooWorker.ZooCallable() {...},53,0,2,0,7,0,4,0,3,0
Apache BookKeeper :: Server,org.apache.bookkeeper.zookeeper,ZooKeeperClient.new ZooKeeperClient.ZkRetryRunnable() {...},93,0,2,0,8,0,4,0,3,0
Apache BookKeeper :: Server,org.apache.bookkeeper.zookeeper,ZooKeeperClient.new ZooKeeperClient.ZkRetryRunnable() {...},54,0,2,0,8,0,4,0,3,0
Apache BookKeeper :: Server,org.apache.bookkeeper.zookeeper,ZooKeeperClient.new ZooWorker.ZooCallable() {...},51,0,2,0,6,0,4,0,3,0
Apache BookKeeper :: Server,org.apache.bookkeeper.zookeeper,ZooKeeperClient.new ZooKeeperClient.ZkRetryRunnable() {...},75,0,2,0,8,0,4,0,3,0
Apache BookKeeper :: Server,org.apache.bookkeeper.zookeeper,ZooKeeperClient.new ZooWorker.ZooCallable() {...},31,0,2,0,6,0,4,0,3,0
Apache BookKeeper :: Server,org.apache.bookkeeper.zookeeper,ZooKeeperClient.new ZooKeeperClient.ZkRetryRunnable() {...},74,0,2,0,8,0,4,0,3,0
Apache BookKeeper :: Server,org.apache.bookkeeper.zookeeper,ZooKeeperClient.new ZooKeeperClient.ZkRetryRunnable() {...},74,0,2,0,8,0,4,0,3,0
Apache BookKeeper :: Server,org.apache.bookkeeper.zookeeper,ZooKeeperClient.new ZooWorker.ZooCallable() {...},51,0,2,0,6,0,4,0,3,0
Apache BookKeeper :: Server,org.apache.bookkeeper.zookeeper,ZooKeeperClient.new ZooWorker.ZooCallable() {...},59,0,2,0,6,0,4,0,3,0
Apache BookKeeper :: Server,org.apache.bookkeeper.zookeeper,ZooKeeperClient.new ZooKeeperClient.ZkRetryRunnable() {...},74,0,2,0,8,0,4,0,3,0
Apache BookKeeper :: Server,org.apache.bookkeeper.zookeeper,ZooKeeperClient.new Callable() {...},33,0,0,0,7,0,2,0,2,0
Apache BookKeeper :: Server,org.apache.bookkeeper.zookeeper,ZooKeeperClient.new ZooWorker.ZooCallable() {...},52,0,2,0,6,0,4,0,3,0
Apache BookKeeper :: Server,org.apache.bookkeeper.zookeeper,ZooKeeperClient.new ZooKeeperClient.ZkRetryRunnable() {...},87,0,2,0,8,0,4,0,3,0
Apache BookKeeper :: Server,org.apache.bookkeeper.zookeeper,ZooKeeperClient.new ZooWorker.ZooCallable() {...},64,0,2,0,6,0,4,0,3,0
Apache BookKeeper :: Server,org.apache.bookkeeper.zookeeper,ZooKeeperClient.new ZooWorker.ZooCallable() {...},70,0,2,0,6,0,4,0,3,0
Apache BookKeeper :: Server,org.apache.bookkeeper.zookeeper,ZooKeeperClient.new ZooKeeperClient.ZkRetryRunnable() {...},62,0,2,0,8,0,4,0,3,0
Apache BookKeeper :: Server,org.apache.bookkeeper.zookeeper,ZooKeeperClient.15.new AsyncCallback.StatCallback() {...},37,0,2,0,6,0,3,0,2,0
Apache BookKeeper :: Server,org.apache.bookkeeper.zookeeper,ZooKeeperClient.new ZooWorker.ZooCallable() {...},58,0,2,0,6,0,4,0,3,0
Apache BookKeeper :: Server,org.apache.bookkeeper.zookeeper,ZooKeeperClient.new ZooKeeperClient.ZkRetryRunnable() {...},82,0,2,0,8,0,4,0,3,0
Apache BookKeeper :: Server,org.apache.bookkeeper.zookeeper,ZooKeeperClient.new ZooWorker.ZooCallable() {...},59,0,2,0,6,0,4,0,3,0
Apache BookKeeper :: Server,org.apache.bookkeeper.zookeeper,ZooKeeperClient.new ZooKeeperClient.ZkRetryRunnable() {...},75,0,2,0,8,0,4,0,3,0
Apache BookKeeper :: Server,org.apache.bookkeeper.zookeeper,ZooKeeperClient.new ZooKeeperClient.ZkRetryRunnable() {...},75,0,2,0,8,0,4,0,3,0
Apache BookKeeper :: Server,org.apache.bookkeeper.zookeeper,ZooKeeperClient.22.new AsyncCallback.StatCallback() {...},37,0,2,0,6,0,3,0,2,0
Apache BookKeeper :: Server,org.apache.bookkeeper.zookeeper,BoundExponentialBackoffRetryPolicy,16,0,0,0,4,0,2,0,2,0
Apache BookKeeper :: Server,org.apache.bookkeeper.zookeeper,ZooKeeperClient.30.new AsyncCallback.ChildrenCallback() {...},37,0,2,0,6,0,3,0,2,0
Apache BookKeeper :: Server,org.apache.bookkeeper.zookeeper,ZooKeeperWatcherBase,239,0,22,0,66,0,24,0,12,0
Apache BookKeeper :: Server,org.apache.bookkeeper.zookeeper,ZooKeeperClient.19.new AsyncCallback.DataCallback() {...},38,0,2,0,6,0,3,0,2,0
Apache BookKeeper :: Server,org.apache.bookkeeper.zookeeper,ZooKeeperClient,886,0,32,0,167,0,65,0,49,0
Apache BookKeeper :: Server,org.apache.bookkeeper.zookeeper,ZooKeeperClient.7.new AsyncCallback.StatCallback() {...},37,0,2,0,6,0,3,0,2,0
Apache BookKeeper :: Server,org.apache.bookkeeper.zookeeper,ZooKeeperClient.29.new AsyncCallback.ChildrenCallback() {...},37,0,2,0,6,0,3,0,2,0
Apache BookKeeper :: Server,org.apache.bookkeeper.zookeeper,ZooKeeperClient.16.new AsyncCallback.StatCallback() {...},37,0,2,0,6,0,3,0,2,0
Apache BookKeeper :: Server,org.apache.bookkeeper.zookeeper,ZooKeeperClient.5.new AsyncCallback.ACLCallback() {...},38,0,2,0,6,0,3,0,2,0
Apache BookKeeper :: Server,org.apache.bookkeeper.zookeeper,ZooKeeperClient.25.new AsyncCallback.Children2Callback() {...},38,0,2,0,6,0,3,0,2,0
Apache BookKeeper :: Server,org.apache.bookkeeper.zookeeper,ZooKeeperClient.3.new AsyncCallback.MultiCallback() {...},37,0,2,0,6,0,3,0,2,0
Apache BookKeeper :: Server,org.apache.bookkeeper.zookeeper,ZooKeeperClient.12.new AsyncCallback.VoidCallback() {...},36,0,2,0,6,0,3,0,2,0
Apache BookKeeper :: Server,org.apache.bookkeeper.zookeeper,ZooKeeperClient.1.new ZooWorker.ZooCallable() {...},75,0,0,0,14,0,3,0,3,0
Apache BookKeeper :: Server,org.apache.bookkeeper.zookeeper,ZooKeeperClient.10.new AsyncCallback.StringCallback() {...},37,0,2,0,6,0,3,0,2,0
Apache BookKeeper :: Server,org.apache.bookkeeper.tools.cli.helpers,DiscoveryCommand,56,0,2,0,14,0,5,0,4,0
Apache BookKeeper :: Server,org.apache.bookkeeper.tools.cli.helpers,BookieShellCommand,35,0,0,0,9,0,4,0,4,0
Apache BookKeeper :: Server,org.apache.bookkeeper.tools.cli.helpers,BookieCommand,25,0,2,0,7,0,3,0,2,0
Apache BookKeeper :: Server,org.apache.bookkeeper.tools.cli.helpers,CommandHelpers,70,0,4,0,14,0,4,0,2,0
Apache BookKeeper :: Server,org.apache.bookkeeper.tools.cli.helpers,ClientCommand,60,0,2,0,16,0,6,0,5,0
Apache BookKeeper :: Server,org.apache.bookkeeper.meta.zk,ZKMetadataDriverBase.new AsyncCallback.VoidCallback() {...},44,0,6,0,9,0,5,0,2,0
Apache BookKeeper :: Server,org.apache.bookkeeper.meta.zk,ZKMetadataDriverBase.new AsyncCallback.StringCallback() {...},44,0,6,0,9,0,5,0,2,0
Apache BookKeeper :: Server,org.apache.bookkeeper.meta.zk,ZKMetadataDriverBase.new AsyncCallback.StatCallback() {...},27,0,2,0,5,0,3,0,2,0
Apache BookKeeper :: Server,org.apache.bookkeeper.meta.zk,ZKMetadataBookieDriver,47,0,0,0,15,0,5,0,5,0
Apache BookKeeper :: Server,org.apache.bookkeeper.meta.zk,ZKMetadataClientDriver,96,0,8,0,27,0,11,0,7,0
Apache BookKeeper :: Server,org.apache.bookkeeper.meta.zk,ZKMetadataDriverBase,494,0,28,0,120,0,32,0,16,0
Apache BookKeeper :: Server,org.apache.bookkeeper.replication,AuditorStats.new Gauge() {...},15,0,0,0,3,0,3,0,3,0
Apache BookKeeper :: Server,org.apache.bookkeeper.replication,AuditorStats.new Gauge() {...},15,0,0,0,3,0,3,0,3,0
Apache BookKeeper :: Server,org.apache.bookkeeper.replication,AuditorStats.new Gauge() {...},15,0,0,0,3,0,3,0,3,0
Apache BookKeeper :: Server,org.apache.bookkeeper.replication,AuditorStats.new Gauge() {...},15,0,0,0,3,0,3,0,3,0
Apache BookKeeper :: Server,org.apache.bookkeeper.replication,AuditorStats.new Gauge() {...},15,0,0,0,3,0,3,0,3,0
Apache BookKeeper :: Server,org.apache.bookkeeper.replication,AuditorStats.new Gauge() {...},15,0,0,0,3,0,3,0,3,0
Apache BookKeeper :: Server,org.apache.bookkeeper.replication,AuditorStats.new Gauge() {...},15,0,0,0,3,0,3,0,3,0
Apache BookKeeper :: Server,org.apache.bookkeeper.replication,AuditorElector,185,0,13,0,57,0,20,0,13,0
Apache BookKeeper :: Server,org.apache.bookkeeper.replication,AuditorReplicasCheckTask.ReplicasCheckFinalCallback,17,0,0,0,7,0,2,0,2,0
Apache BookKeeper :: Server,org.apache.bookkeeper.replication,Auditor,1218,0,80,0,322,0,74,0,34,0
Apache BookKeeper :: Server,org.apache.bookkeeper.replication,ReplicationEnableCb,33,0,4,0,12,0,6,0,4,0
Apache BookKeeper :: Server,org.apache.bookkeeper.replication,AuditorCheckAllLedgersTask,385,0,24,0,119,0,21,0,9,0
Apache BookKeeper :: Server,org.apache.bookkeeper.replication,AuditorReplicasCheckTask.BookieExpectedToContainSegmentInfo,27,0,0,0,10,0,5,0,5,0
Apache BookKeeper :: Server,org.apache.bookkeeper.replication,AuditorBookieCheckTask,206,0,10,0,70,0,15,0,10,0
Apache BookKeeper :: Server,org.apache.bookkeeper.replication,AuditorPlacementPolicyCheckTask.new BookkeeperInternalCallbacks.Processor() {...},56,0,6,0,12,0,6,0,3,0
Apache BookKeeper :: Server,org.apache.bookkeeper.replication,AuditorPlacementPolicyCheckTask.new AsyncCallback.VoidCallback() {...},22,0,0,0,4,0,2,0,2,0
Apache BookKeeper :: Server,org.apache.bookkeeper.replication,AuditorReplicasCheckTask.new BookkeeperInternalCallbacks.MultiCallback() {...},23,0,0,0,4,0,2,0,2,0
Apache BookKeeper :: Server,org.apache.bookkeeper.replication,ReplicationException.CompatibilityException,9,0,0,0,4,0,2,0,2,0
Apache BookKeeper :: Server,org.apache.bookkeeper.replication,Auditor.new ThreadFactory() {...},28,0,0,0,4,0,2,0,2,0
Apache BookKeeper :: Server,org.apache.bookkeeper.replication,AuditorReplicasCheckTask.GetListOfEntriesOfLedgerCallbackForReplicasCheck,244,0,18,0,53,0,11,0,2,0
Apache BookKeeper :: Server,org.apache.bookkeeper.replication,AuditorCheckAllLedgersTask.new ThreadFactory() {...},17,0,0,0,4,0,2,0,2,0
Apache BookKeeper :: Server,org.apache.bookkeeper.replication,BookieLedgerIndexer,101,0,6,0,26,0,7,0,4,0
Apache BookKeeper :: Server,org.apache.bookkeeper.replication,ReplicationWorker.CheckerCallback,25,0,0,0,8,0,3,0,3,0
Apache BookKeeper :: Server,org.apache.bookkeeper.replication,ReplicationException.UnavailableException,9,0,0,0,4,0,2,0,2,0
Apache BookKeeper :: Server,org.apache.bookkeeper.replication,ReplicationException,43,0,6,0,11,0,8,0,5,0
Apache BookKeeper :: Server,org.apache.bookkeeper.replication,AutoRecoveryMain,489,0,20,0,138,0,30,0,20,0
Apache BookKeeper :: Server,org.apache.bookkeeper.replication,ReplicationException.BKAuditException,9,0,0,0,4,0,2,0,2,0
Apache BookKeeper :: Server,org.apache.bookkeeper.replication,AuditorTask,192,0,10,0,47,0,19,0,14,0
Apache BookKeeper :: Server,org.apache.bookkeeper.replication,AuditorPlacementPolicyCheckTask,547,0,44,0,152,0,34,0,12,0
Apache BookKeeper :: Server,org.apache.bookkeeper.replication,BookieLedgerIndexer.new AsyncCallback.VoidCallback() {...},22,0,0,0,4,0,2,0,2,0
Apache BookKeeper :: Server,org.apache.bookkeeper.replication,BookieLedgerIndexer.new BookkeeperInternalCallbacks.Processor() {...},93,0,8,0,16,0,7,0,3,0
Apache BookKeeper :: Server,org.apache.bookkeeper.replication,AuditorReplicasCheckTask.ReadLedgerMetadataCallbackForReplicasCheck,342,0,38,0,72,0,21,0,2,0
Apache BookKeeper :: Server,org.apache.bookkeeper.replication,Auditor.LostBookieRecoveryDelayChangedCb,31,0,0,0,11,0,2,0,2,0
Apache BookKeeper :: Server,org.apache.bookkeeper.replication,AuditorReplicasCheckTask.MissingEntriesInfo,27,0,0,0,10,0,5,0,5,0
Apache BookKeeper :: Server,org.apache.bookkeeper.replication,AuditorReplicasCheckTask.MissingEntriesInfoOfLedger,33,0,0,0,12,0,6,0,6,0
Apache BookKeeper :: Server,org.apache.bookkeeper.replication,AuditorElector.new ThreadFactory() {...},23,0,0,0,2,0,2,0,2,0
Apache BookKeeper :: Server,org.apache.bookkeeper.replication,AuditorElector.new Runnable() {...},33,0,2,0,11,0,3,0,2,0
Apache BookKeeper :: Server,org.apache.bookkeeper.replication,AuditorElector.new Runnable() {...},70,0,2,0,15,0,4,0,3,0
Apache BookKeeper :: Server,org.apache.bookkeeper.replication,Auditor.UnderReplicatedLedgersChangedCb,25,0,0,0,6,0,2,0,2,0
Apache BookKeeper :: Server,org.apache.bookkeeper.replication,ReplicationWorker.new TimerTask() {...},158,0,12,0,46,0,8,0,2,0
Apache BookKeeper :: Server,org.apache.bookkeeper.replication,ReplicationWorker.new TimerTask() {...},28,0,0,0,7,0,2,0,2,0
Apache BookKeeper :: Server,org.apache.bookkeeper.replication,ReplicationWorker.new CacheLoader() {...},10,0,0,0,2,0,2,0,2,0
Apache BookKeeper :: Server,org.apache.bookkeeper.replication,ReplicationWorker.new CacheLoader() {...},10,0,0,0,2,0,2,0,2,0
Apache BookKeeper :: Server,org.apache.bookkeeper.replication,AutoRecoveryMain.AutoRecoveryDeathWatcher,64,0,4,0,18,0,5,0,3,0
Apache BookKeeper :: Server,org.apache.bookkeeper.replication,AuditorCheckAllLedgersTask.ProcessLostFragmentsCb,132,0,10,0,27,0,9,0,4,0
Apache BookKeeper :: Server,org.apache.bookkeeper.replication,AuditorStats,303,0,0,0,70,0,30,0,30,0
Apache BookKeeper :: Server,org.apache.bookkeeper.replication,AuditorReplicasCheckTask,777,0,50,0,205,0,33,0,8,0
Apache BookKeeper :: Server,org.apache.bookkeeper.replication,ReplicationException.NonRecoverableReplicationException,9,0,0,0,4,0,2,0,2,0
Apache BookKeeper :: Server,org.apache.bookkeeper.replication,ReplicationWorker,1163,0,102,0,320,0,76,0,25,0
Apache BookKeeper :: Server,org.apache.bookkeeper.client.api,Handle,6,0,0,0,2,0,1,0,1,0
Apache BookKeeper :: Server,org.apache.bookkeeper.client.api,WriteAdvHandle,49,0,0,0,7,0,7,0,7,0
Apache BookKeeper :: Server,org.apache.bookkeeper.client.api,BKException,129,0,41,0,55,0,45,0,7,0
Apache BookKeeper :: Server,org.apache.bookkeeper.client.api,BKException.LogMessagePool.UnrecognizedCodeLogFormatter,23,0,0,0,4,0,2,0,2,0
Apache BookKeeper :: Server,org.apache.bookkeeper.client.api,ReadHandle,39,0,0,0,6,0,5,0,5,0
Apache BookKeeper :: Server,org.apache.bookkeeper.client.api,LedgerMetadata.State,21,0,0,0,4,0,1,0,1,0
Apache BookKeeper :: Server,org.apache.bookkeeper.client.api,BookKeeper,5,0,0,0,1,0,1,0,1,0
Apache BookKeeper :: Server,org.apache.bookkeeper.client.api,DigestType,27,0,0,0,5,0,1,0,1,0
Apache BookKeeper :: Server,org.apache.bookkeeper.client.api,BKException.LogMessagePool,149,0,20,0,27,0,16,0,6,0
Apache BookKeeper :: Server,org.apache.bookkeeper.client.api,WriteFlag,58,0,4,0,16,0,7,0,5,0
Apache BookKeeper :: Server,org.apache.bookkeeper.client.api,CreateBuilder,6,0,0,0,1,0,1,0,1,0
Apache BookKeeper :: Server,org.apache.bookkeeper.client.api,WriteHandle,48,0,0,0,9,0,8,0,8,0
Apache BookKeeper :: Server,org.apache.bookkeeper.server,EmbeddedServer,75,0,0,0,25,0,13,0,13,0
Apache BookKeeper :: Server,org.apache.bookkeeper.server,EmbeddedServer.ByteBuffAllocatorWrapper,104,0,0,0,24,0,22,0,22,0
Apache BookKeeper :: Server,org.apache.bookkeeper.server,Main,647,0,50,0,152,0,38,0,13,0
Apache BookKeeper :: Server,org.apache.bookkeeper.server,EmbeddedServer.Builder,723,0,48,0,155,0,40,0,16,0
Apache BookKeeper :: Server,org.apache.bookkeeper.meta,LedgerLayout,281,0,30,0,36,0,27,0,12,0
Apache BookKeeper :: Server,org.apache.bookkeeper.meta,LongHierarchicalLedgerManager.LongHierarchicalLedgerRangeIterator.LeafIterator,56,0,8,0,14,0,7,0,3,0
Apache BookKeeper :: Server,org.apache.bookkeeper.meta,AbstractHierarchicalLedgerManager.1.new AsyncCallback.ChildrenCallback() {...},79,0,4,0,12,0,4,0,2,0
Apache BookKeeper :: Server,org.apache.bookkeeper.meta,ZkLedgerAuditorManager.ElectionComparator,31,0,4,0,7,0,4,0,2,0
Apache BookKeeper :: Server,org.apache.bookkeeper.meta,MSLedgerManagerFactory.MsLedgerManager.ReadLedgerMetadataTask,158,0,20,0,34,0,15,0,5,0
Apache BookKeeper :: Server,org.apache.bookkeeper.meta,LongZkLedgerIdGenerator,402,0,32,0,101,0,34,0,17,0
Apache BookKeeper :: Server,org.apache.bookkeeper.meta,ZkLedgerAuditorManager,435,0,28,0,99,0,24,0,10,0
Apache BookKeeper :: Server,org.apache.bookkeeper.meta,LegacyHierarchicalLedgerManager.2.new BookkeeperInternalCallbacks.Processor() {...},47,0,0,0,4,0,2,0,2,0
Apache BookKeeper :: Server,org.apache.bookkeeper.meta,MetadataDrivers.MetadataBookieDriverInfo,27,0,0,0,5,0,2,0,2,0
Apache BookKeeper :: Server,org.apache.bookkeeper.meta,MSLedgerManagerFactory.MsLedgerManager.new MetastoreCallback() {...},60,0,6,0,11,0,5,0,2,0
Apache BookKeeper :: Server,org.apache.bookkeeper.meta,LedgerMetadataSerDe,1170,0,118,0,259,0,84,0,18,0
Apache BookKeeper :: Server,org.apache.bookkeeper.meta,MSLedgerManagerFactory.MsLedgerManager.new MetastoreCallback() {...},61,0,4,0,9,0,4,0,2,0
Apache BookKeeper :: Server,org.apache.bookkeeper.meta,MSLedgerManagerFactory.MsLedgerManager.new MetastoreCallback() {...},92,0,6,0,13,0,5,0,2,0
Apache BookKeeper :: Server,org.apache.bookkeeper.meta,MSLedgerManagerFactory.MsLedgerManager.new MetastoreCallback() {...},138,0,4,0,19,0,4,0,2,0
Apache BookKeeper :: Server,org.apache.bookkeeper.meta,MSLedgerManagerFactory.MsLedgerManager.new MetastoreCallback() {...},47,0,4,0,8,0,4,0,2,0
Apache BookKeeper :: Server,org.apache.bookkeeper.meta,MSLedgerManagerFactory.MsLedgerManager.new MetastoreCursor.ReadEntriesCallback() {...},117,0,6,0,20,0,5,0,2,0
Apache BookKeeper :: Server,org.apache.bookkeeper.meta,MSLedgerManagerFactory.MsLedgerManager.new Runnable() {...},40,0,0,0,3,0,2,0,2,0
Apache BookKeeper :: Server,org.apache.bookkeeper.meta,LegacyHierarchicalLedgerManager.new ThreadLocal() {...},7,0,0,0,2,0,2,0,2,0
Apache BookKeeper :: Server,org.apache.bookkeeper.meta,LegacyHierarchicalLedgerManager.new BookkeeperInternalCallbacks.Processor() {...},61,0,2,0,7,0,3,0,2,0
Apache BookKeeper :: Server,org.apache.bookkeeper.meta,CleanupLedgerManager,335,0,20,0,84,0,29,0,19,0
Apache BookKeeper :: Server,org.apache.bookkeeper.meta,LedgerAuditorManager.AuditorEvent,15,0,0,0,3,0,1,0,1,0
Apache BookKeeper :: Server,org.apache.bookkeeper.meta,MSLedgerManagerFactory.MsLedgerManager.MSLedgerRangeIterator.new MetastoreCallback() {...},28,0,2,0,6,0,3,0,2,0
Apache BookKeeper :: Server,org.apache.bookkeeper.meta,FlatLedgerManager.new LedgerManager.LedgerRangeIterator() {...},99,0,10,0,22,0,9,0,4,0
Apache BookKeeper :: Server,org.apache.bookkeeper.meta,FlatLedgerManager,77,0,0,0,18,0,7,0,7,0
Apache BookKeeper :: Server,org.apache.bookkeeper.meta,ZkLedgerIdGenerator.new AsyncCallback.StringCallback() {...},85,0,6,0,17,0,5,0,2,0
Apache BookKeeper :: Server,org.apache.bookkeeper.meta,LayoutManager.LedgerLayoutExistsException,13,0,0,0,6,0,3,0,3,0
Apache BookKeeper :: Server,org.apache.bookkeeper.meta,ZkLedgerIdGenerator.1.new AsyncCallback.VoidCallback() {...},30,0,4,0,7,0,4,0,2,0
Apache BookKeeper :: Server,org.apache.bookkeeper.meta,HierarchicalLedgerManager.HierarchicalLedgerRangeIterator,33,0,6,0,8,0,6,0,3,0
Apache BookKeeper :: Server,org.apache.bookkeeper.meta,HierarchicalLedgerManager,112,0,6,0,22,0,11,0,8,0
Apache BookKeeper :: Server,org.apache.bookkeeper.meta,AbstractZkLedgerManager.new AsyncCallback.VoidCallback() {...},79,0,10,0,18,0,7,0,2,0
Apache BookKeeper :: Server,org.apache.bookkeeper.meta,AbstractZkLedgerManager.new AsyncCallback.StringCallback() {...},168,0,12,0,29,0,9,0,3,0
Apache BookKeeper :: Server,org.apache.bookkeeper.meta,AbstractZkLedgerManager.new BookkeeperInternalCallbacks.GenericCallback() {...},117,0,10,0,20,0,8,0,3,0
Apache BookKeeper :: Server,org.apache.bookkeeper.meta,AbstractZkLedgerManager.new AsyncCallback.StatCallback() {...},82,0,6,0,12,0,5,0,2,0
Apache BookKeeper :: Server,org.apache.bookkeeper.meta,AbstractZkLedgerManager.new AsyncCallback.DataCallback() {...},163,0,8,0,27,0,6,0,2,0
Apache BookKeeper :: Server,org.apache.bookkeeper.meta,AbstractZkLedgerManager.new AsyncCallback.VoidCallback() {...},34,0,4,0,8,0,4,0,2,0
Apache BookKeeper :: Server,org.apache.bookkeeper.meta,LongHierarchicalLedgerManager.LongHierarchicalLedgerRangeIterator.InnerIterator,112,0,14,0,24,0,11,0,4,0
Apache BookKeeper :: Server,org.apache.bookkeeper.meta,AbstractHierarchicalLedgerManager.AsyncListProcessor,47,0,4,0,12,0,4,0,2,0
Apache BookKeeper :: Server,org.apache.bookkeeper.meta,FlatLedgerManagerFactory,91,0,8,0,16,0,12,0,8,0
Apache BookKeeper :: Server,org.apache.bookkeeper.meta,LongHierarchicalLedgerManager.LongHierarchicalLedgerRangeIterator,75,0,4,0,20,0,7,0,5,0
Apache BookKeeper :: Server,org.apache.bookkeeper.meta,LedgerManager.LedgerRange,26,0,0,0,7,0,5,0,5,0
Apache BookKeeper :: Server,org.apache.bookkeeper.meta,MSLedgerManagerFactory.AsyncSetProcessor.1.new Runnable() {...},21,0,0,0,3,0,2,0,2,0
Apache BookKeeper :: Server,org.apache.bookkeeper.meta,NullMetadataBookieDriver,20,0,0,0,7,0,7,0,7,0
Apache BookKeeper :: Server,org.apache.bookkeeper.meta,CleanupLedgerManager.CleanupGenericCallback,39,0,4,0,9,0,4,0,2,0
Apache BookKeeper :: Server,org.apache.bookkeeper.meta,MSLedgerManagerFactory.MsLedgerManager.MSLedgerRangeIterator,95,0,4,0,23,0,5,0,3,0
Apache BookKeeper :: Server,org.apache.bookkeeper.meta,UnderreplicatedLedger,23,0,0,0,10,0,6,0,6,0
Apache BookKeeper :: Server,org.apache.bookkeeper.meta,AbstractZkLedgerManager.CancelWatchLedgerMetadataTask,39,0,4,0,10,0,4,0,2,0
Apache BookKeeper :: Server,org.apache.bookkeeper.meta,MSLedgerManagerFactory.SyncResult,35,0,2,0,15,0,6,0,5,0
Apache BookKeeper :: Server,org.apache.bookkeeper.meta,NullMetadataBookieDriver.NullLedgerManagerFactory,27,0,0,0,10,0,10,0,10,0
Apache BookKeeper :: Server,org.apache.bookkeeper.meta,HierarchicalLedgerManagerFactory,38,0,0,0,6,0,3,0,3,0
Apache BookKeeper :: Server,org.apache.bookkeeper.meta,ZkLedgerUnderreplicationManager,2206,0,138,0,536,0,114,0,45,0
Apache BookKeeper :: Server,org.apache.bookkeeper.meta,ZkLedgerIdGenerator,94,0,2,0,22,0,8,0,7,0
Apache BookKeeper :: Server,org.apache.bookkeeper.meta,LongZkLedgerIdGenerator.new BookkeeperInternalCallbacks.GenericCallback() {...},121,0,8,0,23,0,7,0,3,0
Apache BookKeeper :: Server,org.apache.bookkeeper.meta,LongZkLedgerIdGenerator.new BookkeeperInternalCallbacks.GenericCallback() {...},27,0,2,0,5,0,3,0,2,0
Apache BookKeeper :: Server,org.apache.bookkeeper.meta,LongZkLedgerIdGenerator.new AsyncCallback.StringCallback() {...},66,0,0,0,18,0,2,0,2,0
Apache BookKeeper :: Server,org.apache.bookkeeper.meta,NullMetadataBookieDriver.NullLedgerManager.new LedgerManager.LedgerRangeIterator() {...},12,0,0,0,3,0,3,0,3,0
Apache BookKeeper :: Server,org.apache.bookkeeper.meta,CleanupLedgerManager.ClosedLedgerRangeIterator,10,0,0,0,2,0,2,0,2,0
Apache BookKeeper :: Server,org.apache.bookkeeper.meta,MSLedgerManagerFactory.MsLedgerManager.7.new AsyncCallback.VoidCallback() {...},70,0,2,0,8,0,3,0,2,0
Apache BookKeeper :: Server,org.apache.bookkeeper.meta,LegacyHierarchicalLedgerManagerFactory,81,0,2,0,17,0,9,0,8,0
Apache BookKeeper :: Server,org.apache.bookkeeper.meta,ZkLayoutManager,107,0,0,0,33,0,5,0,5,0
Apache BookKeeper :: Server,org.apache.bookkeeper.meta,AbstractHierarchicalLedgerManager.new AsyncCallback.VoidCallback() {...},75,0,4,0,11,0,4,0,2,0
Apache BookKeeper :: Server,org.apache.bookkeeper.meta,MSLedgerManagerFactory.MsLedgerManager,488,0,35,0,110,0,32,0,14,0
Apache BookKeeper :: Server,org.apache.bookkeeper.meta,NullMetadataBookieDriver.NullLedgerUnderreplicationManager.new Iterator() {...},12,0,0,0,3,0,3,0,3,0
Apache BookKeeper :: Server,org.apache.bookkeeper.meta,ZkLedgerUnderreplicationManager.Lock,15,0,0,0,6,0,3,0,3,0
Apache BookKeeper :: Server,org.apache.bookkeeper.meta,LongHierarchicalLedgerManagerFactory,11,0,0,0,2,0,2,0,2,0
Apache BookKeeper :: Server,org.apache.bookkeeper.meta,MSLedgerManagerFactory.AsyncSetProcessor,39,0,4,0,11,0,4,0,2,0
Apache BookKeeper :: Server,org.apache.bookkeeper.meta,AbstractZkLedgerManager.ReadLedgerMetadataTask,182,0,22,0,39,0,16,0,5,0
Apache BookKeeper :: Server,org.apache.bookkeeper.meta,MetadataBookieDriver,19,0,0,0,5,0,3,0,3,0
Apache BookKeeper :: Server,org.apache.bookkeeper.meta,AbstractZkLedgerManagerFactory,634,0,76,0,140,0,48,0,10,0
Apache BookKeeper :: Server,org.apache.bookkeeper.meta,LegacyHierarchicalLedgerManager.LegacyHierarchicalLedgerRangeIterator,295,0,30,0,71,0,21,0,6,0
Apache BookKeeper :: Server,org.apache.bookkeeper.meta,CleanupLedgerManager.new BookkeeperInternalCallbacks.GenericCallback() {...},24,0,0,0,3,0,2,0,2,0
Apache BookKeeper :: Server,org.apache.bookkeeper.meta,CleanupLedgerManager.new AsyncCallback.VoidCallback() {...},26,0,2,0,4,0,3,0,2,0
Apache BookKeeper :: Server,org.apache.bookkeeper.meta,MetadataClientDriver,4,0,0,0,1,0,1,0,1,0
Apache BookKeeper :: Server,org.apache.bookkeeper.meta,NullMetadataBookieDriver.NullLayoutManager,11,0,0,0,4,0,4,0,4,0
Apache BookKeeper :: Server,org.apache.bookkeeper.meta,LongHierarchicalLedgerManager.RecursiveProcessor,100,0,6,0,16,0,5,0,2,0
Apache BookKeeper :: Server,org.apache.bookkeeper.meta,HierarchicalLedgerManager.new AsyncCallback.VoidCallback() {...},47,0,2,0,5,0,3,0,2,0
Apache BookKeeper :: Server,org.apache.bookkeeper.meta,MetadataDrivers.MetadataClientDriverInfo,27,0,0,0,5,0,2,0,2,0
Apache BookKeeper :: Server,org.apache.bookkeeper.meta,LongHierarchicalLedgerManager,78,0,2,0,12,0,8,0,7,0
Apache BookKeeper :: Server,org.apache.bookkeeper.meta,AbstractHierarchicalLedgerManager,130,0,18,0,28,0,14,0,5,0
Apache BookKeeper :: Server,org.apache.bookkeeper.meta,LedgerUnderreplicationManager,14,0,0,0,4,0,1,0,1,0
Apache BookKeeper :: Server,org.apache.bookkeeper.meta,NullMetadataBookieDriver.NullLedgerAuditorManager,8,0,0,0,4,0,4,0,4,0
Apache BookKeeper :: Server,org.apache.bookkeeper.meta,AbstractZkLedgerManager,666,0,77,0,157,0,56,0,17,0
Apache BookKeeper :: Server,org.apache.bookkeeper.meta,NullMetadataBookieDriver.NullLedgerUnderreplicationManager,72,0,0,0,29,0,27,0,27,0
Apache BookKeeper :: Server,org.apache.bookkeeper.meta,MetadataDrivers,511,0,44,0,128,0,42,0,20,0
Apache BookKeeper :: Server,org.apache.bookkeeper.meta,NullMetadataBookieDriver.NullLedgerIdGenerator,9,0,0,0,4,0,3,0,3,0
Apache BookKeeper :: Server,org.apache.bookkeeper.meta,AbstractHierarchicalLedgerManager.AsyncListProcessor.new AsyncCallback.VoidCallback() {...},79,0,4,0,12,0,4,0,2,0
Apache BookKeeper :: Server,org.apache.bookkeeper.meta,NullMetadataBookieDriver.NullLedgerManager,45,0,0,0,15,0,11,0,11,0
Apache BookKeeper :: Server,org.apache.bookkeeper.meta,NullMetadataBookieDriver.NullRegistrationManager,23,0,0,0,14,0,14,0,14,0
Apache BookKeeper :: Server,org.apache.bookkeeper.meta,MSLedgerManagerFactory.AsyncSetProcessor.new AsyncCallback.VoidCallback() {...},68,0,4,0,11,0,4,0,2,0
Apache BookKeeper :: Server,org.apache.bookkeeper.meta,LongZkLedgerIdGenerator.HighOrderLedgerIdGenPathStatus,21,0,0,0,4,0,1,0,1,0
Apache BookKeeper :: Server,org.apache.bookkeeper.meta,MSLedgerManagerFactory,345,0,20,0,78,0,25,0,15,0
Apache BookKeeper :: Server,org.apache.bookkeeper.meta,ZkLedgerUnderreplicationManager.new SubTreeCache.TreeProvider() {...},15,0,0,0,2,0,2,0,2,0
Apache BookKeeper :: Server,org.apache.bookkeeper.meta,ZkLedgerUnderreplicationManager.new Iterator() {...},144,0,20,0,30,0,15,0,5,0
Apache BookKeeper :: Server,org.apache.bookkeeper.meta,ZkLedgerUnderreplicationManager.new Watcher() {...},23,0,0,0,4,0,2,0,2,0
Apache BookKeeper :: Server,org.apache.bookkeeper.meta,ZkLedgerUnderreplicationManager.new Watcher() {...},22,0,2,0,5,0,3,0,2,0
Apache BookKeeper :: Server,org.apache.bookkeeper.meta,ZkLedgerUnderreplicationManager.new Watcher() {...},27,0,4,0,4,0,4,0,2,0
Apache BookKeeper :: Server,org.apache.bookkeeper.meta,ZkLedgerUnderreplicationManager.new Watcher() {...},19,0,2,0,4,0,3,0,2,0
Apache BookKeeper :: Server,org.apache.bookkeeper.meta,AbstractHierarchicalLedgerManager.AsyncListProcessor.1.new Runnable() {...},21,0,0,0,3,0,2,0,2,0
Apache BookKeeper :: Server,org.apache.bookkeeper.meta,LegacyHierarchicalLedgerManager,111,0,2,0,15,0,10,0,9,0
Apache BookKeeper :: Server,org.apache.bookkeeper.server.component,ServerLifecycleComponent,79,0,2,0,13,0,5,0,4,0
Apache BookKeeper :: Server,org.apache.bookkeeper.tools.cli.commands.health,SwitchOfHealthCheckCommand,109,0,10,0,30,0,11,0,6,0
Apache BookKeeper :: Server,org.apache.bookkeeper.tools.cli.commands.health,SwitchOfHealthCheckCommand.HealthCheckFlags,13,0,0,0,2,0,3,0,3,0
Apache BookKeeper :: Server,org.apache.bookkeeper.server.conf,BookieConfiguration,11,0,0,0,4,0,2,0,2,0
Apache BookKeeper :: Server,org.apache.bookkeeper.bookie,BookieException.UnknownBookieIdException,9,0,0,0,4,0,2,0,2,0
Apache BookKeeper :: Server,org.apache.bookkeeper.bookie,LegacyCookieValidation,453,0,48,0,121,0,36,0,12,0
Apache BookKeeper :: Server,org.apache.bookkeeper.bookie,TransactionalEntryLogCompactor.UpdateIndexPhase.new EntryLogScanner() {...},91,0,4,0,11,0,5,0,3,0
Apache BookKeeper :: Server,org.apache.bookkeeper.bookie,BookieShell.SimpleTestCmd,93,0,0,0,22,0,5,0,5,0
Apache BookKeeper :: Server,org.apache.bookkeeper.bookie,BookieException.MetadataStoreException,20,0,0,0,8,0,4,0,4,0
Apache BookKeeper :: Server,org.apache.bookkeeper.bookie,EntryLogManagerBase,204,0,18,0,54,0,20,0,11,0
Apache BookKeeper :: Server,org.apache.bookkeeper.bookie,Journal.LastLogMark,203,0,10,0,46,0,12,0,7,0
Apache BookKeeper :: Server,org.apache.bookkeeper.bookie,LedgerCache.LedgerIndexMetadata,22,0,2,0,8,0,3,0,2,0
Apache BookKeeper :: Server,org.apache.bookkeeper.bookie,BookieShell.ForceAuditorChecksCmd,147,0,12,0,34,0,12,0,6,0
Apache BookKeeper :: Server,org.apache.bookkeeper.bookie,DefaultEntryLogger.EntryLookupException.InvalidEntryLengthException,27,0,0,0,6,0,1,0,1,0
Apache BookKeeper :: Server,org.apache.bookkeeper.bookie,EntryLogManagerBase.new FastThreadLocal() {...},9,0,0,0,2,0,2,0,2,0
Apache BookKeeper :: Server,org.apache.bookkeeper.bookie,SkipListArena.MemorySlice,33,0,0,0,7,0,4,0,4,0
Apache BookKeeper :: Server,org.apache.bookkeeper.bookie,BookieShell.RebuildDbLedgerLocationsIndexCmd,30,0,0,0,9,0,5,0,5,0
Apache BookKeeper :: Server,org.apache.bookkeeper.bookie,BookieImpl.NopWriteCallback,31,0,2,0,5,0,3,0,2,0
Apache BookKeeper :: Server,org.apache.bookkeeper.bookie,BookieShell.InitBookieCmd,39,0,2,0,10,0,6,0,5,0
Apache BookKeeper :: Server,org.apache.bookkeeper.bookie,FileSystemUpgrade.new FilenameFilter() {...},79,0,18,0,19,0,12,0,3,0
Apache BookKeeper :: Server,org.apache.bookkeeper.bookie,FileSystemUpgrade.new FilenameFilter() {...},19,0,4,0,3,0,4,0,2,0
Apache BookKeeper :: Server,org.apache.bookkeeper.bookie,EntryLocation,57,0,0,0,14,0,5,0,5,0
Apache BookKeeper :: Server,org.apache.bookkeeper.bookie,BookieThread,31,0,0,0,12,0,5,0,5,0
Apache BookKeeper :: Server,org.apache.bookkeeper.bookie,BookieShell.EndpointInfoCmd,62,0,4,0,17,0,7,0,5,0
Apache BookKeeper :: Server,org.apache.bookkeeper.bookie,IndexInMemPageMgr.new Gauge() {...},14,0,0,0,3,0,3,0,3,0
Apache BookKeeper :: Server,org.apache.bookkeeper.bookie,InterleavedStorageRegenerateIndexOp.RecoveryStats,44,0,4,0,13,0,7,0,5,0
Apache BookKeeper :: Server,org.apache.bookkeeper.bookie,EntryMemTable.EntrySkipList,45,0,4,0,9,0,8,0,6,0
Apache BookKeeper :: Server,org.apache.bookkeeper.bookie,IndexPersistenceMgr,1351,0,142,0,312,0,107,0,36,0
Apache BookKeeper :: Server,org.apache.bookkeeper.bookie,EntryLogCompactor.CompactionScannerFactory,46,0,4,0,12,0,5,0,3,0
Apache BookKeeper :: Server,org.apache.bookkeeper.bookie,BookieShell.WhoIsAuditorCmd,36,0,2,0,10,0,6,0,5,0
Apache BookKeeper :: Server,org.apache.bookkeeper.bookie,BookieImpl,1989,0,164,0,466,0,134,0,52,0
Apache BookKeeper :: Server,org.apache.bookkeeper.bookie,Journal.CbThreadFactory,41,0,0,0,7,0,2,0,2,0
Apache BookKeeper :: Server,org.apache.bookkeeper.bookie,BookieShell.BookieSanityTestCmd,52,0,2,0,12,0,6,0,5,0
Apache BookKeeper :: Server,org.apache.bookkeeper.bookie,DefaultEntryLogger.EntryLoggerCompactionEntryLog,153,0,18,0,42,0,20,0,11,0
Apache BookKeeper :: Server,org.apache.bookkeeper.bookie,EntryLogCompactor.CompactionScannerFactory.new EntryLogScanner() {...},60,0,2,0,9,0,4,0,3,0
Apache BookKeeper :: Server,org.apache.bookkeeper.bookie,AbstractLogCompactor,16,0,0,0,6,0,2,0,2,0
Apache BookKeeper :: Server,org.apache.bookkeeper.bookie,LedgerDirsMonitor,509,0,64,0,125,0,44,0,12,0
Apache BookKeeper :: Server,org.apache.bookkeeper.bookie,Journal.QueueEntry,108,0,2,0,31,0,7,0,6,0
Apache BookKeeper :: Server,org.apache.bookkeeper.bookie,BookieShell.RegenerateInterleavedStorageIndexFile,122,0,4,0,27,0,8,0,6,0
Apache BookKeeper :: Server,org.apache.bookkeeper.bookie,BookieShell.FilesTimeComparator,51,0,2,0,14,0,2,0,1,0
Apache BookKeeper :: Server,org.apache.bookkeeper.bookie,BookieStateManager,427,0,46,0,120,0,50,0,27,0
Apache BookKeeper :: Server,org.apache.bookkeeper.bookie,IndexPersistenceMgr.new Comparator() {...},13,0,0,0,2,0,2,0,2,0
Apache BookKeeper :: Server,org.apache.bookkeeper.bookie,DefaultFileChannel,65,0,6,0,18,0,8,0,5,0
Apache BookKeeper :: Server,org.apache.bookkeeper.bookie,BookieShell.BookieInfoCmd,30,0,0,0,9,0,5,0,5,0
Apache BookKeeper :: Server,org.apache.bookkeeper.bookie,BookieException.InvalidCookieException,14,0,0,0,6,0,3,0,3,0
Apache BookKeeper :: Server,org.apache.bookkeeper.bookie,BookieException.OperationRejectedException,6,0,0,0,3,0,2,0,2,0
Apache BookKeeper :: Server,org.apache.bookkeeper.bookie,LocalBookieEnsemblePlacementPolicy,65,0,2,0,21,0,13,0,12,0
Apache BookKeeper :: Server,org.apache.bookkeeper.bookie,BookieException.CookieExistException,14,0,0,0,6,0,3,0,3,0
Apache BookKeeper :: Server,org.apache.bookkeeper.bookie,BookieStateManager.new Callable() {...},11,0,0,0,3,0,2,0,2,0
Apache BookKeeper :: Server,org.apache.bookkeeper.bookie,BookieStateManager.new Callable() {...},11,0,0,0,3,0,2,0,2,0
Apache BookKeeper :: Server,org.apache.bookkeeper.bookie,EntryLogCompactor,65,0,0,0,20,0,3,0,3,0
Apache BookKeeper :: Server,org.apache.bookkeeper.bookie,BookieStateManager.new Gauge() {...},33,0,6,0,7,0,6,0,3,0
Apache BookKeeper :: Server,org.apache.bookkeeper.bookie,BookieStateManager.new Callable() {...},33,0,2,0,10,0,3,0,2,0
Apache BookKeeper :: Server,org.apache.bookkeeper.bookie,BookieShell.ReadLogCmd,162,0,6,0,37,0,8,0,5,0
Apache BookKeeper :: Server,org.apache.bookkeeper.bookie,Bookie.NoLedgerException,19,0,0,0,4,0,2,0,2,0
Apache BookKeeper :: Server,org.apache.bookkeeper.bookie,EntryLogManagerForEntryLogPerLedger.EntryLogAndLockTuple,45,0,2,0,10,0,5,0,4,0
Apache BookKeeper :: Server,org.apache.bookkeeper.bookie,BookieShell.AutoRecoveryCmd,66,0,4,0,15,0,7,0,5,0
Apache BookKeeper :: Server,org.apache.bookkeeper.bookie,BookieShell.InitNewCluster,34,0,2,0,9,0,6,0,5,0
Apache BookKeeper :: Server,org.apache.bookkeeper.bookie,ReadOnlyDefaultEntryLogger,11,0,0,0,4,0,3,0,3,0
Apache BookKeeper :: Server,org.apache.bookkeeper.bookie,Journal.QueueEntry.new Recycler() {...},9,0,0,0,2,0,2,0,2,0
Apache BookKeeper :: Server,org.apache.bookkeeper.bookie,DefaultFileChannelProvider,13,0,0,0,5,0,4,0,4,0
Apache BookKeeper :: Server,org.apache.bookkeeper.bookie,BookieException.BookieUnauthorizedAccessException,9,0,0,0,4,0,2,0,2,0
Apache BookKeeper :: Server,org.apache.bookkeeper.bookie,BookieShell.TriggerAuditCmd,30,0,0,0,9,0,5,0,5,0
Apache BookKeeper :: Server,org.apache.bookkeeper.bookie,BookieShell.QueryAutoRecoveryStatusCmd,39,0,0,0,12,0,5,0,5,0
Apache BookKeeper :: Server,org.apache.bookkeeper.bookie,DefaultEntryLogger.EntryLookupException.WrongEntryException,37,0,0,0,8,0,1,0,1,0
Apache BookKeeper :: Server,org.apache.bookkeeper.bookie,LogMark,112,0,6,0,29,0,14,0,11,0
Apache BookKeeper :: Server,org.apache.bookkeeper.bookie,ShortReadException,5,4,0,0,2,2,1,1,1,1
Apache BookKeeper :: Server,org.apache.bookkeeper.bookie,EntryLogMetadataMap,7,0,2,0,1,0,2,0,1,0
Apache BookKeeper :: Server,org.apache.bookkeeper.bookie,FileInfoBackingCache.CachedFileInfo,87,0,6,0,20,0,9,0,6,0
Apache BookKeeper :: Server,org.apache.bookkeeper.bookie,GarbageCollectionStatus,77,0,0,0,9,0,16,0,16,0
Apache BookKeeper :: Server,org.apache.bookkeeper.bookie,IndexInMemPageMgr.PageEntriesImpl,31,0,0,0,7,0,4,0,4,0
Apache BookKeeper :: Server,org.apache.bookkeeper.bookie,EntryLogManagerForSingleEntryLog.new LedgerDirsManager.LedgerDirsListener() {...},42,0,8,0,11,0,7,0,3,0
Apache BookKeeper :: Server,org.apache.bookkeeper.bookie,Cookie,811,0,74,0,165,0,67,0,30,0
Apache BookKeeper :: Server,org.apache.bookkeeper.bookie,ScanAndCompareGarbageCollector,570,0,64,0,151,0,41,0,9,0
Apache BookKeeper :: Server,org.apache.bookkeeper.bookie,LedgerDirsManager.NoWritableLedgerDirException,4,0,0,0,2,0,1,0,1,0
Apache BookKeeper :: Server,org.apache.bookkeeper.bookie,ScrubberStats,3,0,0,0,1,0,1,0,1,0
Apache BookKeeper :: Server,org.apache.bookkeeper.bookie,BookieShell.RebuildDbLedgersIndexCmd,48,0,2,0,13,0,6,0,5,0
Apache BookKeeper :: Server,org.apache.bookkeeper.bookie,BufferedChannelBase,21,0,2,0,7,0,4,0,3,0
Apache BookKeeper :: Server,org.apache.bookkeeper.bookie,KeyComparator,33,0,6,0,5,0,5,0,2,0
Apache BookKeeper :: Server,org.apache.bookkeeper.bookie,InterleavedLedgerStorage,920,0,48,0,243,0,82,0,58,0
Apache BookKeeper :: Server,org.apache.bookkeeper.bookie,ReadOnlyBookie,36,0,2,0,9,0,3,0,2,0
Apache BookKeeper :: Server,org.apache.bookkeeper.bookie,CheckpointSourceList,36,0,6,0,11,0,6,0,3,0
Apache BookKeeper :: Server,org.apache.bookkeeper.bookie,LedgerStorage,28,0,0,0,17,0,17,0,17,0
Apache BookKeeper :: Server,org.apache.bookkeeper.bookie,GarbageCollectionStatus.GarbageCollectionStatusBuilder,98,0,0,0,1,0,10,0,10,0
Apache BookKeeper :: Server,org.apache.bookkeeper.bookie,LedgerEntryPage,613,0,58,0,134,0,64,0,35,0
Apache BookKeeper :: Server,org.apache.bookkeeper.bookie,BookieShell.ListDiskFilesCmd,75,0,0,0,17,0,5,0,5,0
Apache BookKeeper :: Server,org.apache.bookkeeper.bookie,TransactionalEntryLogCompactor.UpdateIndexPhase,86,0,4,0,23,0,8,0,6,0
Apache BookKeeper :: Server,org.apache.bookkeeper.bookie,BookieShell.MyCommand,85,0,2,0,22,0,6,0,5,0
Apache BookKeeper :: Server,org.apache.bookkeeper.bookie,DefaultEntryLogger.EntryLookupException,4,0,0,0,2,0,1,0,1,0
Apache BookKeeper :: Server,org.apache.bookkeeper.bookie,SyncThread,278,0,10,0,99,0,21,0,16,0
Apache BookKeeper :: Server,org.apache.bookkeeper.bookie,IndexInMemPageMgr.InMemPageCollection,454,0,68,0,119,0,49,0,15,0
Apache BookKeeper :: Server,org.apache.bookkeeper.bookie,LedgerStorage.StorageState,9,0,0,0,2,0,1,0,1,0
Apache BookKeeper :: Server,org.apache.bookkeeper.bookie,SkipListArena.Chunk,130,0,14,0,30,0,12,0,5,0
Apache BookKeeper :: Server,org.apache.bookkeeper.bookie,SortedLedgerStorage.new Runnable() {...},49,0,2,0,11,0,3,0,2,0
Apache BookKeeper :: Server,org.apache.bookkeeper.bookie,BufferedReadChannel,143,0,12,0,33,0,10,0,4,0
Apache BookKeeper :: Server,org.apache.bookkeeper.bookie,EntryLogManagerForEntryLogPerLedger.new RemovalListener() {...},11,0,0,0,3,0,2,0,2,0
Apache BookKeeper :: Server,org.apache.bookkeeper.bookie,EntryLogManagerForEntryLogPerLedger.new LedgerDirsManager.LedgerDirsListener() {...},58,0,8,0,13,0,7,0,3,0
Apache BookKeeper :: Server,org.apache.bookkeeper.bookie,EntryLogManagerForEntryLogPerLedger.new CacheLoader() {...},15,0,0,0,2,0,2,0,2,0
Apache BookKeeper :: Server,org.apache.bookkeeper.bookie,Checkpointer,5,0,0,0,1,0,1,0,1,0
Apache BookKeeper :: Server,org.apache.bookkeeper.bookie,BookieShell.RecoverCmd,212,0,10,0,40,0,10,0,5,0
Apache BookKeeper :: Server,org.apache.bookkeeper.bookie,LedgerDescriptorImpl,249,0,16,0,57,0,25,0,17,0
Apache BookKeeper :: Server,org.apache.bookkeeper.bookie,CheckpointSource.Checkpoint.new CheckpointSource.Checkpoint() {...},19,0,4,0,6,0,6,0,4,0
Apache BookKeeper :: Server,org.apache.bookkeeper.bookie,CheckpointSource.Checkpoint.new CheckpointSource.Checkpoint() {...},19,0,4,0,6,0,6,0,4,0
Apache BookKeeper :: Server,org.apache.bookkeeper.bookie,FileInfo.FileInfoDeletedException,0,4,0,0,0,2,0,1,0,1
Apache BookKeeper :: Server,org.apache.bookkeeper.bookie,DefaultEntryLogger.Header,12,0,0,0,5,0,1,0,1,0
Apache BookKeeper :: Server,org.apache.bookkeeper.bookie,LedgerEntryPage.new PrimitiveIterator.OfLong() {...},69,0,8,0,11,0,7,0,3,0
Apache BookKeeper :: Server,org.apache.bookkeeper.bookie,BookieException.LedgerFencedException,4,0,0,0,2,0,1,0,1,0
Apache BookKeeper :: Server,org.apache.bookkeeper.bookie,BookieStatus,334,0,32,0,90,0,29,0,13,0
Apache BookKeeper :: Server,org.apache.bookkeeper.bookie,LedgerDirsManager.LedgerDirsListener,9,0,0,0,9,0,9,0,9,0
Apache BookKeeper :: Server,org.apache.bookkeeper.bookie,TransactionalEntryLogCompactor.ScanEntryLogPhase,55,0,2,0,16,0,5,0,4,0
Apache BookKeeper :: Server,org.apache.bookkeeper.bookie,Journal.ForceWriteThread,181,0,6,0,55,0,7,0,4,0
Apache BookKeeper :: Server,org.apache.bookkeeper.bookie,BookieShell,1460,0,36,0,187,0,39,0,21,0
Apache BookKeeper :: Server,org.apache.bookkeeper.bookie,BookieShell.BookieFormatCmd,83,0,4,0,19,0,7,0,5,0
Apache BookKeeper :: Server,org.apache.bookkeeper.bookie,BookieShell.LastMarkCmd,30,0,0,0,9,0,5,0,5,0
Apache BookKeeper :: Server,org.apache.bookkeeper.bookie,BookieShell.UpdateCookieCmd,196,0,20,0,44,0,15,0,5,0
Apache BookKeeper :: Server,org.apache.bookkeeper.bookie,BookieShell.ConvertToDbStorageCmd,37,0,0,0,11,0,5,0,5,0
Apache BookKeeper :: Server,org.apache.bookkeeper.bookie,BookieShell.LedgerCmd,68,0,4,0,15,0,7,0,5,0
Apache BookKeeper :: Server,org.apache.bookkeeper.bookie,JournalChannel,564,0,52,0,116,0,41,0,15,0
Apache BookKeeper :: Server,org.apache.bookkeeper.bookie,InterleavedStorageRegenerateIndexOp.new EntryLogScanner() {...},104,0,4,0,13,0,6,0,4,0
Apache BookKeeper :: Server,org.apache.bookkeeper.bookie,LedgerCacheImpl.new PrimitiveIterator.OfLong() {...},73,0,12,0,15,0,9,0,3,0
Apache BookKeeper :: Server,org.apache.bookkeeper.bookie,Journal.new Recycler() {...},9,0,0,0,2,0,2,0,2,0
Apache BookKeeper :: Server,org.apache.bookkeeper.bookie,IndexInMemPageMgr.PageEntriesIterableImpl,46,0,0,0,9,0,3,0,3,0
Apache BookKeeper :: Server,org.apache.bookkeeper.bookie,CheckpointSourceList.CheckpointList,151,0,18,0,31,0,15,0,6,0
Apache BookKeeper :: Server,org.apache.bookkeeper.bookie,EntryLogMetadata.EntryLogMetadataRecyclable,24,0,0,0,9,0,4,0,4,0
Apache BookKeeper :: Server,org.apache.bookkeeper.bookie,LedgerDirsManager.new Gauge() {...},17,0,0,0,3,0,3,0,3,0
Apache BookKeeper :: Server,org.apache.bookkeeper.bookie,LedgerDirsManager.new Gauge() {...},15,0,0,0,3,0,3,0,3,0
Apache BookKeeper :: Server,org.apache.bookkeeper.bookie,BookieShell.HelpCmd,59,0,4,0,18,0,7,0,5,0
Apache BookKeeper :: Server,org.apache.bookkeeper.bookie,BookieException.BookieIllegalOpException,14,0,0,0,6,0,3,0,3,0
Apache BookKeeper :: Server,org.apache.bookkeeper.bookie,GarbageCollectorThread,1549,0,168,0,325,0,127,0,43,0
Apache BookKeeper :: Server,org.apache.bookkeeper.bookie,LastAddConfirmedUpdateNotification.new Recycler() {...},5,3,0,0,1,1,1,1,1,1
Apache BookKeeper :: Server,org.apache.bookkeeper.bookie,IndexInMemPageMgr,471,0,46,0,117,0,38,0,15,0
Apache BookKeeper :: Server,org.apache.bookkeeper.bookie,DefaultEntryLogger.BufferedLogChannel.new ConcurrentLongLongHashMap.BiConsumerLong() {...},108,0,4,0,24,0,4,0,2,0
Apache BookKeeper :: Server,org.apache.bookkeeper.bookie,BookieShell.ReadLogMetadataCmd,70,0,2,0,21,0,6,0,5,0
Apache BookKeeper :: Server,org.apache.bookkeeper.bookie,BookieException.DataUnknownException,20,0,0,0,8,0,4,0,4,0
Apache BookKeeper :: Server,org.apache.bookkeeper.bookie,Checkpointer.new Checkpointer() {...},5,0,0,0,3,0,3,0,3,0
Apache BookKeeper :: Server,org.apache.bookkeeper.bookie,Journal.JournalRollingFilter,17,0,2,0,4,0,3,0,2,0
Apache BookKeeper :: Server,org.apache.bookkeeper.bookie,EntryMemTable,729,0,72,0,175,0,57,0,21,0
Apache BookKeeper :: Server,org.apache.bookkeeper.bookie,BookieShell.LocalConsistencyCheck,34,0,2,0,9,0,6,0,5,0
Apache BookKeeper :: Server,org.apache.bookkeeper.bookie,CheckpointSource,5,0,0,0,1,0,1,0,1,0
Apache BookKeeper :: Server,org.apache.bookkeeper.bookie,BookieResources,115,0,4,0,31,0,10,0,8,0
Apache BookKeeper :: Server,org.apache.bookkeeper.bookie,InterleavedLedgerStorage.new LedgerDirsManager.LedgerDirsListener() {...},93,0,10,0,24,0,11,0,6,0
Apache BookKeeper :: Server,org.apache.bookkeeper.bookie,LedgerDirsManager.new Gauge() {...},24,0,0,0,3,0,3,0,3,0
Apache BookKeeper :: Server,org.apache.bookkeeper.bookie,TransactionalEntryLogCompactor.FlushCompactionLogPhase,34,0,0,0,14,0,4,0,4,0
Apache BookKeeper :: Server,org.apache.bookkeeper.bookie,ExitCode,3,0,0,0,1,0,1,0,1,0
Apache BookKeeper :: Server,org.apache.bookkeeper.bookie,LastAddConfirmedUpdateNotification,42,11,0,0,14,3,7,1,7,1
Apache BookKeeper :: Server,org.apache.bookkeeper.bookie,BookieShell.NukeExistingCluster,78,0,2,0,18,0,6,0,5,0
Apache BookKeeper :: Server,org.apache.bookkeeper.bookie,EntryLogManagerForSingleEntryLog,324,0,36,0,88,0,38,0,20,0
Apache BookKeeper :: Server,org.apache.bookkeeper.bookie,BookieShell.LostBookieRecoveryDelayCmd,73,0,4,0,18,0,7,0,5,0
Apache BookKeeper :: Server,org.apache.bookkeeper.bookie,BookieException.EntryLogMetadataMapException,5,0,0,0,2,0,1,0,1,0
Apache BookKeeper :: Server,org.apache.bookkeeper.bookie,LedgerCacheImpl,202,0,2,0,50,0,27,0,26,0
Apache BookKeeper :: Server,org.apache.bookkeeper.bookie,FileInfoBackingCache,184,0,12,0,48,0,13,0,7,0
Apache BookKeeper :: Server,org.apache.bookkeeper.bookie,EntryLogManagerForEntryLogPerLedger.EntryLogsPerLedgerCounter.new RemovalListener() {...},32,0,4,0,8,0,4,0,2,0
Apache BookKeeper :: Server,org.apache.bookkeeper.bookie,DefaultEntryLogger.EntryLookupException.MissingEntryException,27,0,0,0,6,0,1,0,1,0
Apache BookKeeper :: Server,org.apache.bookkeeper.bookie,EntryLogManagerForEntryLogPerLedger.EntryLogsPerLedgerCounter.new CacheLoader() {...},20,0,0,0,3,0,2,0,2,0
Apache BookKeeper :: Server,org.apache.bookkeeper.bookie,LedgerDescriptor,45,0,2,0,11,0,5,0,4,0
Apache BookKeeper :: Server,org.apache.bookkeeper.bookie,EntryMemTable.EntrySkipList.new EntryMemTable.EntrySkipList() {...},6,0,0,0,2,0,2,0,2,0
Apache BookKeeper :: Server,org.apache.bookkeeper.bookie,BookieShell.UpdateLedgerCmd,181,0,12,0,41,0,11,0,5,0
Apache BookKeeper :: Server,org.apache.bookkeeper.bookie,HandleFactoryImpl,74,0,4,0,20,0,6,0,4,0
Apache BookKeeper :: Server,org.apache.bookkeeper.bookie,AbstractLogCompactor.Throttler,80,0,8,0,19,0,8,0,4,0
Apache BookKeeper :: Server,org.apache.bookkeeper.bookie,EntryLoggerAllocator,413,0,24,0,101,0,24,0,12,0
Apache BookKeeper :: Server,org.apache.bookkeeper.bookie,BookieShell.ListBookiesCmd,104,0,8,0,31,0,9,0,5,0
Apache BookKeeper :: Server,org.apache.bookkeeper.bookie,DefaultEntryLogger.new FastThreadLocal() {...},9,0,0,0,2,0,2,0,2,0
Apache BookKeeper :: Server,org.apache.bookkeeper.bookie,DefaultEntryLogger.new ThreadLocal() {...},14,0,0,0,4,0,2,0,2,0
Apache BookKeeper :: Server,org.apache.bookkeeper.bookie,DefaultEntryLogger.new EntryLogScanner() {...},38,0,4,0,6,0,5,0,3,0
Apache BookKeeper :: Server,org.apache.bookkeeper.bookie,DefaultEntryLogger.new FilenameFilter() {...},10,0,0,0,2,0,2,0,2,0
Apache BookKeeper :: Server,org.apache.bookkeeper.bookie,BookieShell.ReadJournalCmd,103,0,6,0,28,0,8,0,5,0
Apache BookKeeper :: Server,org.apache.bookkeeper.bookie,FileInfo,621,535,76,52,129,140,64,29,14,15
Apache BookKeeper :: Server,org.apache.bookkeeper.bookie,BookieShell.CheckDbLedgersIndexCmd,48,0,2,0,13,0,6,0,5,0
Apache BookKeeper :: Server,org.apache.bookkeeper.bookie,Bookie.NoEntryException,33,0,0,0,8,0,4,0,4,0
Apache BookKeeper :: Server,org.apache.bookkeeper.bookie,BookieException.UpgradeException,14,0,0,0,6,0,3,0,3,0
Apache BookKeeper :: Server,org.apache.bookkeeper.bookie,TransactionalEntryLogCompactor.CompactionPhase,25,0,0,0,10,0,2,0,2,0
Apache BookKeeper :: Server,org.apache.bookkeeper.bookie,CheckpointSource.Checkpoint,9,0,0,0,2,0,1,0,1,0
Apache BookKeeper :: Server,org.apache.bookkeeper.bookie,BookieShell.ListUnderreplicatedCmd,105,0,0,0,25,0,5,0,5,0
Apache BookKeeper :: Server,org.apache.bookkeeper.bookie,LedgerStorageFactory,22,0,0,0,4,0,2,0,2,0
Apache BookKeeper :: Server,org.apache.bookkeeper.bookie,BookieImpl.new BookieThread() {...},17,0,0,0,3,0,2,0,2,0
Apache BookKeeper :: Server,org.apache.bookkeeper.bookie,BookieShell.ReadLedgerEntriesCmd,146,0,2,0,30,0,6,0,5,0
Apache BookKeeper :: Server,org.apache.bookkeeper.bookie,BookieImpl.new LedgerStorage.LedgerDeletionListener() {...},13,0,0,0,3,0,2,0,2,0
Apache BookKeeper :: Server,org.apache.bookkeeper.bookie,BookieImpl.new SyncThread() {...},37,0,0,0,6,0,4,0,4,0
Apache BookKeeper :: Server,org.apache.bookkeeper.bookie,BookieImpl.new LedgerDirsManager.LedgerDirsListener() {...},91,0,6,0,26,0,11,0,8,0
Apache BookKeeper :: Server,org.apache.bookkeeper.bookie,DefaultEntryLogger.BufferedLogChannel,125,0,2,0,37,0,10,0,9,0
Apache BookKeeper :: Server,org.apache.bookkeeper.bookie,BookieImpl.new Journal.JournalScanner() {...},239,0,24,0,53,0,14,0,2,0
Apache BookKeeper :: Server,org.apache.bookkeeper.bookie,LedgerStorage.DetectedInconsistency,21,0,0,0,8,0,4,0,4,0
Apache BookKeeper :: Server,org.apache.bookkeeper.bookie,ReadOnlyFileInfo,9,0,0,0,3,0,1,0,1,0
Apache BookKeeper :: Server,org.apache.bookkeeper.bookie,SkipListArena,96,0,12,0,26,0,11,0,5,0
Apache BookKeeper :: Server,org.apache.bookkeeper.bookie,Journal.ForceWriteRequest,92,0,14,0,29,0,12,0,5,0
Apache BookKeeper :: Server,org.apache.bookkeeper.bookie,IndexInMemPageMgr.PageEntriesIterableImpl.new Iterator() {...},44,0,2,0,5,0,4,0,3,0
Apache BookKeeper :: Server,org.apache.bookkeeper.bookie,BookieStatus.BookieMode,15,0,0,0,3,0,1,0,1,0
Apache BookKeeper :: Server,org.apache.bookkeeper.bookie,InMemoryEntryLogMetadataMap,61,0,0,0,17,0,10,0,10,0
Apache BookKeeper :: Server,org.apache.bookkeeper.bookie,BookieShell.DeleteLedgerCmd,66,0,0,0,15,0,5,0,5,0
Apache BookKeeper :: Server,org.apache.bookkeeper.bookie,DefaultEntryLogger.RecentEntryLogsStatus,79,0,8,0,15,0,9,0,5,0
Apache BookKeeper :: Server,org.apache.bookkeeper.bookie,CheckpointSource.new CheckpointSource() {...},6,0,0,0,3,0,3,0,3,0
Apache BookKeeper :: Server,org.apache.bookkeeper.bookie,EntryMemTableWithParallelFlusher,204,0,14,0,59,0,12,0,5,0
Apache BookKeeper :: Server,org.apache.bookkeeper.bookie,TransactionalEntryLogCompactor.ScanEntryLogPhase.new EntryLogScanner() {...},128,0,6,0,17,0,6,0,3,0
Apache BookKeeper :: Server,org.apache.bookkeeper.bookie,EntryLogManagerForEntryLogPerLedger.EntryLogsPerLedgerCounter,107,0,8,0,29,0,9,0,5,0
Apache BookKeeper :: Server,org.apache.bookkeeper.bookie,Journal,1506,0,170,0,358,0,111,0,26,0
Apache BookKeeper :: Server,org.apache.bookkeeper.bookie,EntryLogMetadata.EntryLogMetadataRecyclable.new Recycler() {...},9,0,0,0,2,0,2,0,2,0
Apache BookKeeper :: Server,org.apache.bookkeeper.bookie,BookieCriticalThread,23,0,0,0,10,0,4,0,4,0
Apache BookKeeper :: Server,org.apache.bookkeeper.bookie,SortedLedgerStorage,469,0,14,0,128,0,62,0,55,0
Apache BookKeeper :: Server,org.apache.bookkeeper.bookie,BookieImpl.new CheckpointSource() {...},6,0,0,0,3,0,3,0,3,0
Apache BookKeeper :: Server,org.apache.bookkeeper.bookie,BookieImpl.new FilenameFilter() {...},24,0,6,0,4,0,5,0,2,0
Apache BookKeeper :: Server,org.apache.bookkeeper.bookie,EntryLogMetadata,263,0,8,0,72,0,21,0,17,0
Apache BookKeeper :: Server,org.apache.bookkeeper.bookie,Journal.BufferedChannelBuilder,10,0,0,0,2,0,2,0,2,0
Apache BookKeeper :: Server,org.apache.bookkeeper.bookie,BufferedChannel,395,0,38,0,94,0,34,0,15,0
Apache BookKeeper :: Server,org.apache.bookkeeper.bookie,GarbageCollectorThread.new AbstractLogCompactor.LogRemovalListener() {...},19,0,0,0,6,0,2,0,2,0
Apache BookKeeper :: Server,org.apache.bookkeeper.bookie,BufferedChannelBase.BufferedChannelClosedException,4,0,0,0,2,0,1,0,1,0
Apache BookKeeper :: Server,org.apache.bookkeeper.bookie,BookieException.DiskPartitionDuplicationException,14,0,0,0,6,0,3,0,3,0
Apache BookKeeper :: Server,org.apache.bookkeeper.bookie,EntryKey,60,0,6,0,14,0,10,0,7,0
Apache BookKeeper :: Server,org.apache.bookkeeper.bookie,SlowBufferedChannel,83,0,2,0,29,0,11,0,10,0
Apache BookKeeper :: Server,org.apache.bookkeeper.bookie,BookieShell.LedgerMetadataCmd,123,0,10,0,27,0,10,0,5,0
Apache BookKeeper :: Server,org.apache.bookkeeper.bookie,DefaultEntryLogger.EntryLookupException.MissingLogFileException,27,0,0,0,6,0,1,0,1,0
Apache BookKeeper :: Server,org.apache.bookkeeper.bookie,BookieShell.ConvertToInterleavedStorageCmd,32,0,0,0,10,0,5,0,5,0
Apache BookKeeper :: Server,org.apache.bookkeeper.bookie,UncleanShutdownDetectionImpl,155,0,16,0,48,0,13,0,5,0
Apache BookKeeper :: Server,org.apache.bookkeeper.bookie,EntryKeyValue,101,0,2,0,20,0,11,0,10,0
Apache BookKeeper :: Server,org.apache.bookkeeper.bookie,DefaultEntryLogger,2049,0,154,0,427,0,136,0,59,0
Apache BookKeeper :: Server,org.apache.bookkeeper.bookie,FileSystemUpgrade,773,0,64,0,196,0,46,0,14,0
Apache BookKeeper :: Server,org.apache.bookkeeper.bookie,BookieShell.ListLedgersCmd,62,0,0,0,15,0,5,0,5,0
Apache BookKeeper :: Server,org.apache.bookkeeper.bookie,BookieShell.UpdateBookieInLedgerCmd,189,0,12,0,42,0,11,0,5,0
Apache BookKeeper :: Server,org.apache.bookkeeper.bookie,TransactionalEntryLogCompactor,135,0,10,0,35,0,9,0,4,0
Apache BookKeeper :: Server,org.apache.bookkeeper.bookie,BookieException,149,0,31,0,60,0,33,0,7,0
Apache BookKeeper :: Server,org.apache.bookkeeper.bookie,LedgerDirsManager,497,0,44,0,108,0,46,0,24,0
Apache BookKeeper :: Server,org.apache.bookkeeper.bookie,LedgerDescriptorReadOnlyImpl,37,0,0,0,9,0,5,0,5,0
Apache BookKeeper :: Server,org.apache.bookkeeper.bookie,BookieException.CookieNotFoundException,14,0,0,0,6,0,3,0,3,0
Apache BookKeeper :: Server,org.apache.bookkeeper.bookie,InterleavedStorageRegenerateIndexOp.DryRunLedgerCache,61,0,0,0,21,0,21,0,21,0
Apache BookKeeper :: Server,org.apache.bookkeeper.bookie,InterleavedStorageRegenerateIndexOp,205,0,10,0,39,0,8,0,3,0
Apache BookKeeper :: Server,org.apache.bookkeeper.bookie,FileChannelProvider,23,0,0,0,7,0,3,0,3,0
Apache BookKeeper :: Server,org.apache.bookkeeper.bookie,BookieShell.ListActiveLedgersCmd,83,0,4,0,21,0,7,0,5,0
Apache BookKeeper :: Server,org.apache.bookkeeper.bookie,EntryLogManagerForEntryLogPerLedger.BufferedLogChannelWithDirInfo,19,0,0,0,8,0,4,0,4,0
Apache BookKeeper :: Server,org.apache.bookkeeper.bookie,EntryLogManagerForEntryLogPerLedger,677,0,52,0,167,0,52,0,26,0
Apache BookKeeper :: Server,org.apache.bookkeeper.bookie,BookieShell.DecommissionBookieCmd,51,0,2,0,13,0,6,0,5,0
Apache BookKeeper :: Server,org.apache.bookkeeper.bookie,BookieShell.WhatIsInstanceId,30,0,0,0,9,0,5,0,5,0
Apache BookKeeper :: Server,org.apache.bookkeeper.bookie,BookieShell.MetaFormatCmd,68,0,4,0,15,0,7,0,5,0
Apache BookKeeper :: Server,org.apache.bookkeeper.bookie,Journal.LogMarkCheckpoint,48,0,8,0,13,0,9,0,5,0
Apache BookKeeper :: Server,org.apache.bookkeeper.bookie,LedgerCache.NoIndexForLedgerException,5,0,0,0,2,0,1,0,1,0
Apache BookKeeper :: Server,org.apache.bookkeeper.bookie,Cookie.Builder,107,0,0,0,29,0,9,0,9,0
Apache BookKeeper :: Server,org.apache.bookkeeper.proto.checksum,CRC32DigestManager.new FastThreadLocal() {...},13,0,2,0,4,0,3,0,2,0
Apache BookKeeper :: Server,org.apache.bookkeeper.proto.checksum,DirectMemoryCRC32Digest,205,0,6,0,29,0,8,0,5,0
Apache BookKeeper :: Server,org.apache.bookkeeper.proto.checksum,StandardCRC32Digest,26,0,0,0,7,0,3,0,3,0
Apache BookKeeper :: Server,org.apache.bookkeeper.proto.checksum,DummyDigestManager,13,0,0,0,6,0,5,0,5,0
Apache BookKeeper :: Server,org.apache.bookkeeper.proto.checksum,DigestManager,723,0,57,0,142,0,44,0,14,0
Apache BookKeeper :: Server,org.apache.bookkeeper.proto.checksum,MacDigestManager.new ThreadLocal() {...},33,0,0,0,9,0,2,0,2,0
Apache BookKeeper :: Server,org.apache.bookkeeper.proto.checksum,CRC32DigestManager,32,0,0,0,9,0,6,0,6,0
Apache BookKeeper :: Server,org.apache.bookkeeper.proto.checksum,CRC32CDigestManager,25,0,0,0,8,0,6,0,6,0
Apache BookKeeper :: Server,org.apache.bookkeeper.proto.checksum,MacDigestManager,73,0,0,0,20,0,7,0,7,0
Apache BookKeeper :: Server,org.apache.bookkeeper.proto.checksum,DigestManager.RecoveryData,15,0,0,0,6,0,3,0,3,0
Apache BookKeeper :: Server,org.apache.bookkeeper.proto.checksum,DigestManager.new FastThreadLocal() {...},11,0,0,0,4,0,3,0,3,0
Apache BookKeeper :: Server,org.apache.bookkeeper.server.http.service,ListBookiesService,152,0,22,0,36,0,14,0,3,0
Apache BookKeeper :: Server,org.apache.bookkeeper.server.http.service,ListUnderReplicatedLedgerService,245,0,42,0,62,0,27,0,6,0
Apache BookKeeper :: Server,org.apache.bookkeeper.server.http.service,GetLedgerMetaService,104,0,8,0,25,0,7,0,3,0
Apache BookKeeper :: Server,org.apache.bookkeeper.server.http.service,BookieInfoService.BookieInfo,117,0,10,0,5,0,15,0,10,0
Apache BookKeeper :: Server,org.apache.bookkeeper.server.http.service,ListDiskFilesService,268,0,50,0,54,0,28,0,3,0
Apache BookKeeper :: Server,org.apache.bookkeeper.server.http.service,BookieStateReadOnlyService,81,0,12,0,19,0,8,0,2,0
Apache BookKeeper :: Server,org.apache.bookkeeper.server.http.service,BookieStateReadOnlyService.ReadOnlyState,76,0,10,0,4,0,13,0,8,0
Apache BookKeeper :: Server,org.apache.bookkeeper.server.http.service,ListLedgerService,299,0,44,0,67,0,26,0,4,0
Apache BookKeeper :: Server,org.apache.bookkeeper.server.http.service,GetLastLogMarkService,205,0,10,0,37,0,8,0,3,0
Apache BookKeeper :: Server,org.apache.bookkeeper.server.http.service,BookieIsReadyService,55,0,6,0,15,0,5,0,2,0
Apache BookKeeper :: Server,org.apache.bookkeeper.server.http.service,ListBookieInfoService,268,0,14,0,48,0,11,0,4,0
Apache BookKeeper :: Server,org.apache.bookkeeper.server.http.service,MetricsService,100,0,4,0,26,0,4,0,2,0
Apache BookKeeper :: Server,org.apache.bookkeeper.server.http.service,TriggerAuditService,85,0,4,0,23,0,5,0,3,0
Apache BookKeeper :: Server,org.apache.bookkeeper.server.http.service,ResumeCompactionService,140,0,18,0,31,0,12,0,3,0
Apache BookKeeper :: Server,org.apache.bookkeeper.server.http.service,ClusterInfoService.ClusterInfo,277,0,34,0,9,0,38,0,21,0
Apache BookKeeper :: Server,org.apache.bookkeeper.server.http.service,TriggerLocationCompactService,244,0,16,0,57,0,11,0,3,0
Apache BookKeeper :: Server,org.apache.bookkeeper.server.http.service,GCDetailsService,69,0,4,0,20,0,5,0,3,0
Apache BookKeeper :: Server,org.apache.bookkeeper.server.http.service,RecoveryBookieService,179,0,10,0,45,0,10,0,5,0
Apache BookKeeper :: Server,org.apache.bookkeeper.server.http.service,BookieStateService,67,0,2,0,18,0,3,0,2,0
Apache BookKeeper :: Server,org.apache.bookkeeper.server.http.service,DeleteLedgerService,109,0,8,0,27,0,7,0,3,0
Apache BookKeeper :: Server,org.apache.bookkeeper.server.http.service,BookieSanityService,105,0,4,0,28,0,5,0,3,0
Apache BookKeeper :: Server,org.apache.bookkeeper.server.http.service,SuspendCompactionService,198,0,22,0,43,0,14,0,3,0
Apache BookKeeper :: Server,org.apache.bookkeeper.server.http.service,RecoveryBookieService.RecoveryRequestJsonBody,3,0,0,0,1,0,1,0,1,0
Apache BookKeeper :: Server,org.apache.bookkeeper.server.http.service,AutoRecoveryStatusService,132,0,15,0,30,0,13,0,5,0
Apache BookKeeper :: Server,org.apache.bookkeeper.server.http.service,ExpandStorageService,142,0,8,0,39,0,7,0,3,0
Apache BookKeeper :: Server,org.apache.bookkeeper.server.http.service,BookieStateService.BookieState,160,0,22,0,6,0,24,0,13,0
Apache BookKeeper :: Server,org.apache.bookkeeper.server.http.service,BookieInfoService,54,0,4,0,11,0,4,0,2,0
Apache BookKeeper :: Server,org.apache.bookkeeper.server.http.service,DecommissionService,143,0,8,0,39,0,8,0,4,0
Apache BookKeeper :: Server,org.apache.bookkeeper.server.http.service,LostBookieRecoveryDelayService,159,0,12,0,38,0,9,0,3,0
Apache BookKeeper :: Server,org.apache.bookkeeper.server.http.service,WhoIsAuditorService,105,0,6,0,27,0,6,0,3,0
Apache BookKeeper :: Server,org.apache.bookkeeper.server.http.service,ClusterInfoService,162,0,10,0,41,0,11,0,6,0
Apache BookKeeper :: Server,org.apache.bookkeeper.server.http.service,ReadLedgerEntryService,244,0,30,0,45,0,18,0,3,0
Apache BookKeeper :: Server,org.apache.bookkeeper.server.http.service,ConfigurationService,92,0,8,0,25,0,6,0,2,0
Apache BookKeeper :: Server,org.apache.bookkeeper.server.http.service,TriggerGCService,152,0,10,0,35,0,8,0,3,0
Apache BookKeeper :: Server,org.apache.bookkeeper.server.http.service,BookieSanityService.BookieSanity,100,0,14,0,4,0,16,0,9,0
Apache BookKeeper :: Server,org.apache.bookkeeper.util,SubTreeCache.SubTreeNode,39,0,0,0,11,0,4,0,4,0
Apache BookKeeper :: Server,org.apache.bookkeeper.util,Shell.ExitCodeException,10,0,0,0,4,0,2,0,2,0
Apache BookKeeper :: Server,org.apache.bookkeeper.util,ZkUtils.1.new AsyncCallback.StringCallback() {...},44,0,4,0,5,0,4,0,2,0
Apache BookKeeper :: Server,org.apache.bookkeeper.util,LedgerIdFormatter.UUIDLedgerIdFormatter,15,0,0,0,3,0,3,0,3,0
Apache BookKeeper :: Server,org.apache.bookkeeper.util,LocalBookKeeper.LocalBookie,115,0,0,0,25,0,4,0,4,0
Apache BookKeeper :: Server,org.apache.bookkeeper.util,SafeRunnable.new SafeRunnable() {...},21,0,0,0,7,0,2,0,2,0
Apache BookKeeper :: Server,org.apache.bookkeeper.util,SafeRunnable.new SafeRunnable() {...},10,0,0,0,3,0,2,0,2,0
Apache BookKeeper :: Server,org.apache.bookkeeper.util,SubTreeCache,94,0,4,0,24,0,9,0,7,0
Apache BookKeeper :: Server,org.apache.bookkeeper.util,SnapshotMap,150,0,4,0,34,0,7,0,5,0
Apache BookKeeper :: Server,org.apache.bookkeeper.util,EntryFormatter,60,0,4,0,18,0,6,0,4,0
Apache BookKeeper :: Server,org.apache.bookkeeper.util,CertUtils,158,0,18,0,31,0,16,0,7,0
Apache BookKeeper :: Server,org.apache.bookkeeper.util,SubTreeCache.WatchGuard,15,0,0,0,5,0,2,0,2,0
Apache BookKeeper :: Server,org.apache.bookkeeper.util,LedgerIdFormatter.HexLedgerIdFormatter,12,0,0,0,3,0,3,0,3,0
Apache BookKeeper :: Server,org.apache.bookkeeper.util,ByteBufList.Encoder,50,0,6,0,11,0,5,0,2,0
Apache BookKeeper :: Server,org.apache.bookkeeper.util,LocalBookKeeper,1092,0,86,0,238,0,66,0,23,0
Apache BookKeeper :: Server,org.apache.bookkeeper.util,BookKeeperConstants,7,0,0,0,2,0,2,0,2,0
Apache BookKeeper :: Server,org.apache.bookkeeper.util,HardLink.OSType,27,0,0,0,5,0,1,0,1,0
Apache BookKeeper :: Server,org.apache.bookkeeper.util,IteratorUtility.new PrimitiveIterator.OfLong() {...},148,0,26,0,31,0,16,0,3,0
Apache BookKeeper :: Server,org.apache.bookkeeper.util,IteratorUtility.new PrimitiveIterator.OfLong() {...},143,0,26,0,32,0,16,0,3,0
Apache BookKeeper :: Server,org.apache.bookkeeper.util,SafeRunnable,14,0,0,0,3,0,3,0,3,0
Apache BookKeeper :: Server,org.apache.bookkeeper.util,OrderedGenericCallback.new Runnable() {...},37,0,0,0,5,0,3,0,3,0
Apache BookKeeper :: Server,org.apache.bookkeeper.util,LedgerIdFormatter,69,0,6,0,20,0,7,0,4,0
Apache BookKeeper :: Server,org.apache.bookkeeper.util,PortManager,27,0,2,0,9,0,3,0,2,0
Apache BookKeeper :: Server,org.apache.bookkeeper.util,AvailabilityOfEntriesOfLedger.SequenceGroup,217,0,18,0,48,0,22,0,13,0
Apache BookKeeper :: Server,org.apache.bookkeeper.util,DiskChecker,397,0,46,0,74,0,35,0,12,0
Apache BookKeeper :: Server,org.apache.bookkeeper.util,ByteBufList,359,0,32,0,80,0,37,0,21,0
Apache BookKeeper :: Server,org.apache.bookkeeper.util,Shell.ShellCommandExecutor,129,0,12,0,31,0,15,0,9,0
Apache BookKeeper :: Server,org.apache.bookkeeper.util,EventLoopUtil,130,0,8,0,27,0,13,0,9,0
Apache BookKeeper :: Server,org.apache.bookkeeper.util,Shell,292,0,22,0,86,0,25,0,14,0
Apache BookKeeper :: Server,org.apache.bookkeeper.util,ZeroBuffer,56,0,6,0,16,0,8,0,5,0
Apache BookKeeper :: Server,org.apache.bookkeeper.util,OrderedGenericCallback,60,0,4,0,15,0,5,0,3,0
Apache BookKeeper :: Server,org.apache.bookkeeper.util,StringUtils,229,0,10,0,48,0,15,0,10,0
Apache BookKeeper :: Server,org.apache.bookkeeper.util,StringEntryFormatter,37,0,0,0,10,0,3,0,3,0
Apache BookKeeper :: Server,org.apache.bookkeeper.util,HardLink.HardLinkCGUnix,185,0,4,0,32,0,10,0,8,0
Apache BookKeeper :: Server,org.apache.bookkeeper.util,IOUtils,171,0,28,0,40,0,22,0,8,0
Apache BookKeeper :: Server,org.apache.bookkeeper.util,DiskChecker.DiskErrorException,4,0,0,0,2,0,1,0,1,0
Apache BookKeeper :: Server,org.apache.bookkeeper.util,DiskChecker.DiskWarnThresholdException,10,0,0,0,4,0,2,0,2,0
Apache BookKeeper :: Server,org.apache.bookkeeper.util,DiskChecker.DiskOutOfSpaceException,10,0,0,0,4,0,2,0,2,0
Apache BookKeeper :: Server,org.apache.bookkeeper.util,ZkUtils.6.new AsyncCallback.ChildrenCallback() {...},31,0,2,0,8,0,3,0,2,0
Apache BookKeeper :: Server,org.apache.bookkeeper.util,AvailabilityOfEntriesOfLedger,821,0,82,0,171,0,66,0,25,0
Apache BookKeeper :: Server,org.apache.bookkeeper.util,DaemonThreadFactory,47,0,4,0,13,0,6,0,4,0
Apache BookKeeper :: Server,org.apache.bookkeeper.util,HardLink,631,0,80,0,143,0,51,0,11,0
Apache BookKeeper :: Server,org.apache.bookkeeper.util,ZkUtils.new AsyncCallback.StringCallback() {...},58,0,2,0,7,0,3,0,2,0
Apache BookKeeper :: Server,org.apache.bookkeeper.util,ZkUtils.new AsyncCallback.VoidCallback() {...},90,0,10,0,13,0,8,0,3,0
Apache BookKeeper :: Server,org.apache.bookkeeper.util,ZkUtils.GetChildrenCtx,9,0,0,0,3,0,1,0,1,0
Apache BookKeeper :: Server,org.apache.bookkeeper.util,ZkUtils.new BookkeeperInternalCallbacks.GenericCallback() {...},34,0,2,0,9,0,3,0,2,0
Apache BookKeeper :: Server,org.apache.bookkeeper.util,ZkUtils.new AsyncCallback.VoidCallback() {...},41,0,2,0,8,0,3,0,2,0
Apache BookKeeper :: Server,org.apache.bookkeeper.util,ZkUtils.new AsyncCallback.StringCallback() {...},17,0,0,0,4,0,2,0,2,0
Apache BookKeeper :: Server,org.apache.bookkeeper.util,PageCacheUtil,91,0,4,0,32,0,7,0,5,0
Apache BookKeeper :: Server,org.apache.bookkeeper.util,ZkUtils.new AsyncCallback.VoidCallback() {...},17,0,0,0,4,0,2,0,2,0
Apache BookKeeper :: Server,org.apache.bookkeeper.util,Shell.new Thread() {...},44,0,4,0,10,0,4,0,2,0
Apache BookKeeper :: Server,org.apache.bookkeeper.util,DiskChecker.DiskException,4,0,0,0,2,0,1,0,1,0
Apache BookKeeper :: Server,org.apache.bookkeeper.util,ByteBufList.new Recycler() {...},9,0,0,0,2,0,2,0,2,0
Apache BookKeeper :: Server,org.apache.bookkeeper.util,HardLink.LinkStats,85,0,0,0,15,0,3,0,3,0
Apache BookKeeper :: Server,org.apache.bookkeeper.util,Shell.ShellTimeoutTimerTask,28,0,4,0,11,0,4,0,2,0
Apache BookKeeper :: Server,org.apache.bookkeeper.util,ZkUtils,222,0,18,0,42,0,18,0,9,0
Apache BookKeeper :: Server,org.apache.bookkeeper.util,LedgerIdFormatter.LongLedgerIdFormatter,10,0,0,0,3,0,3,0,3,0
Apache BookKeeper :: Server,org.apache.bookkeeper.util,HexDumpEntryFormatter,76,0,0,0,17,0,3,0,3,0
Apache BookKeeper :: Server,org.apache.bookkeeper.util,IteratorUtility,17,0,0,0,3,0,3,0,3,0
Apache BookKeeper :: Server,org.apache.bookkeeper.util,HardLink.HardLinkCGWin,271,0,4,0,34,0,9,0,7,0
Apache BookKeeper :: Server,org.apache.bookkeeper.tools.cli.commands.autorecovery,WhoIsAuditorCommand,83,0,6,0,24,0,8,0,5,0
Apache BookKeeper :: Server,org.apache.bookkeeper.tools.cli.commands.autorecovery,QueryAutoRecoveryStatusCommand,199,0,14,0,51,0,13,0,6,0
Apache BookKeeper :: Server,org.apache.bookkeeper.tools.cli.commands.autorecovery,LostBookieRecoveryDelayCommand.LBRDFlags,16,0,0,0,3,0,3,0,3,0
Apache BookKeeper :: Server,org.apache.bookkeeper.tools.cli.commands.autorecovery,TriggerAuditCommand,43,0,2,0,15,0,4,0,3,0
Apache BookKeeper :: Server,org.apache.bookkeeper.tools.cli.commands.autorecovery,ListUnderReplicatedCommand,245,0,32,0,69,0,27,0,11,0
Apache BookKeeper :: Server,org.apache.bookkeeper.tools.cli.commands.autorecovery,QueryAutoRecoveryStatusCommand.QFlags,12,0,0,0,4,0,2,0,2,0
Apache BookKeeper :: Server,org.apache.bookkeeper.tools.cli.commands.autorecovery,QueryAutoRecoveryStatusCommand.LedgerRecoverInfo,9,0,0,0,4,0,1,0,1,0
Apache BookKeeper :: Server,org.apache.bookkeeper.tools.cli.commands.autorecovery,ToggleCommand.AutoRecoveryFlags,13,0,0,0,2,0,3,0,3,0
Apache BookKeeper :: Server,org.apache.bookkeeper.tools.cli.commands.autorecovery,ListUnderReplicatedCommand.LURFlags,42,0,0,0,5,0,7,0,7,0
Apache BookKeeper :: Server,org.apache.bookkeeper.tools.cli.commands.autorecovery,ToggleCommand,109,0,12,0,35,0,12,0,6,0
Apache BookKeeper :: Server,org.apache.bookkeeper.tools.cli.commands.autorecovery,LostBookieRecoveryDelayCommand,95,0,14,0,32,0,12,0,5,0
Apache BookKeeper :: Server,org.apache.bookkeeper.bookie.datainteg,DataIntegrityCheckImpl.LedgerResult,72,0,6,0,15,0,13,0,10,0
Apache BookKeeper :: Server,org.apache.bookkeeper.bookie.datainteg,DataIntegrityCheckImpl.LedgerResult.State,21,0,0,0,2,0,1,0,1,0
Apache BookKeeper :: Server,org.apache.bookkeeper.bookie.datainteg,DataIntegrityService,161,0,6,0,41,0,12,0,9,0
Apache BookKeeper :: Server,org.apache.bookkeeper.bookie.datainteg,Events,165,0,0,0,28,0,1,0,1,0
Apache BookKeeper :: Server,org.apache.bookkeeper.bookie.datainteg,DataIntegrityCookieValidation,273,0,18,0,63,0,16,0,7,0
Apache BookKeeper :: Server,org.apache.bookkeeper.bookie.datainteg,MetadataAsyncIterator,151,0,8,0,35,0,17,0,13,0
Apache BookKeeper :: Server,org.apache.bookkeeper.bookie.datainteg,WriteSets,131,0,20,0,28,0,15,0,5,0
Apache BookKeeper :: Server,org.apache.bookkeeper.bookie.datainteg,DataIntegrityCheckImpl,1372,0,58,0,246,0,81,0,52,0
Apache BookKeeper :: Server,org.apache.bookkeeper.bookie.datainteg,EntryCopierImpl,177,0,14,0,40,0,18,0,11,0
Apache BookKeeper :: Server,org.apache.bookkeeper.bookie.datainteg,EntryCopierImpl.SinBin,63,0,6,0,13,0,6,0,3,0
Apache BookKeeper :: Server,org.apache.bookkeeper.bookie.datainteg,EntryCopierImpl.BatchImpl,290,0,18,0,67,0,19,0,10,0
Apache BookKeeper :: Server,org.apache.bookkeeper.bookie.datainteg,MetadataAsyncIterator.FlatIterator,43,0,10,0,9,0,8,0,3,0
Apache BookKeeper :: Server,org.apache.bookkeeper.feature,FixedValueFeature,34,0,4,0,11,0,7,0,5,0
Apache BookKeeper :: Server,org.apache.bookkeeper.feature,SettableFeatureProvider,28,0,0,0,6,0,4,0,4,0
Apache BookKeeper :: Server,org.apache.bookkeeper.feature,SettableFeature,22,0,2,0,8,0,5,0,4,0
Apache BookKeeper :: Server,org.apache.bookkeeper.feature,CacheableFeatureProvider,98,0,10,0,24,0,9,0,4,0
Apache BookKeeper :: Server,org.apache.bookkeeper.meta.exceptions,Code,28,0,0,0,4,0,3,0,3,0
Apache BookKeeper :: Server,org.apache.bookkeeper.meta.exceptions,MetadataException,25,0,0,0,10,0,4,0,4,0
Apache BookKeeper :: Server,org.apache.bookkeeper.bookie.stats,IndexPersistenceMgrStats,49,0,0,0,12,0,5,0,5,0
Apache BookKeeper :: Server,org.apache.bookkeeper.bookie.stats,IndexInMemPageMgrStats,19,0,0,0,6,0,3,0,3,0
Apache BookKeeper :: Server,org.apache.bookkeeper.bookie.stats,JournalStats.new Gauge() {...},17,0,0,0,3,0,3,0,3,0
Apache BookKeeper :: Server,org.apache.bookkeeper.bookie.stats,JournalStats.new Gauge() {...},17,0,0,0,3,0,3,0,3,0
Apache BookKeeper :: Server,org.apache.bookkeeper.bookie.stats,EntryMemTableStats,51,0,0,0,14,0,7,0,7,0
Apache BookKeeper :: Server,org.apache.bookkeeper.bookie.stats,BookieStats,111,0,0,0,28,0,13,0,13,0
Apache BookKeeper :: Server,org.apache.bookkeeper.bookie.stats,IndexPersistenceMgrStats.new Gauge() {...},17,0,0,0,3,0,3,0,3,0
Apache BookKeeper :: Server,org.apache.bookkeeper.bookie.stats,IndexPersistenceMgrStats.new Gauge() {...},17,0,0,0,3,0,3,0,3,0
Apache BookKeeper :: Server,org.apache.bookkeeper.bookie.stats,JournalStats,169,0,0,0,45,0,20,0,20,0
Apache BookKeeper :: Server,org.apache.bookkeeper.bookie.stats,BookieStats.new Gauge() {...},17,0,0,0,3,0,3,0,3,0
Apache BookKeeper :: Server,org.apache.bookkeeper.bookie.stats,BookieStats.new Gauge() {...},17,0,0,0,3,0,3,0,3,0
Apache BookKeeper :: Server,org.apache.bookkeeper.bookie.stats,GarbageCollectorStats.new Gauge() {...},17,0,0,0,3,0,3,0,3,0
Apache BookKeeper :: Server,org.apache.bookkeeper.bookie.stats,GarbageCollectorStats.new Gauge() {...},17,0,0,0,3,0,3,0,3,0
Apache BookKeeper :: Server,org.apache.bookkeeper.bookie.stats,GarbageCollectorStats.new Gauge() {...},17,0,0,0,3,0,3,0,3,0
Apache BookKeeper :: Server,org.apache.bookkeeper.bookie.stats,GarbageCollectorStats,102,0,0,0,25,0,11,0,11,0
Apache BookKeeper :: Server,org.apache.bookkeeper.tools.cli.commands.client,LedgerMetaDataCommand,211,0,18,0,51,0,17,0,8,0
Apache BookKeeper :: Server,org.apache.bookkeeper.tools.cli.commands.client,SimpleTestCommand,172,0,12,0,41,0,10,0,4,0
Apache BookKeeper :: Server,org.apache.bookkeeper.tools.cli.commands.client,LedgerMetaDataCommand.LedgerMetadataFlag,43,0,0,0,7,0,6,0,6,0
Apache BookKeeper :: Server,org.apache.bookkeeper.tools.cli.commands.client,DeleteLedgerCommand.DeleteLedgerFlags,21,0,0,0,3,0,4,0,4,0
Apache BookKeeper :: Server,org.apache.bookkeeper.tools.cli.commands.client,DeleteLedgerCommand,137,0,18,0,37,0,16,0,7,0
Apache BookKeeper :: Server,org.apache.bookkeeper.tools.cli.commands.client,SimpleTestCommand.Flags,35,0,0,0,6,0,5,0,5,0
Apache BookKeeper :: Server,org.apache.bookkeeper.util.collections,ConcurrentLongLongHashMap,660,0,50,0,119,0,61,0,36,0
Apache BookKeeper :: Server,org.apache.bookkeeper.util.collections,ConcurrentOpenHashSet.Builder,77,0,0,0,23,0,9,0,9,0
Apache BookKeeper :: Server,org.apache.bookkeeper.util.collections,ConcurrentLongLongPairHashMap,542,0,42,0,91,0,50,0,29,0
Apache BookKeeper :: Server,org.apache.bookkeeper.util.collections,ConcurrentOpenHashSet.Section,583,0,72,0,152,0,45,0,9,0
Apache BookKeeper :: Server,org.apache.bookkeeper.util.collections,ConcurrentLongHashSet,419,0,40,0,72,0,41,0,21,0
Apache BookKeeper :: Server,org.apache.bookkeeper.util.collections,ConcurrentOpenHashMap.Section,831,0,98,0,180,0,60,0,11,0
Apache BookKeeper :: Server,org.apache.bookkeeper.util.collections,ConcurrentLongHashMap.Builder,77,0,0,0,23,0,9,0,9,0
Apache BookKeeper :: Server,org.apache.bookkeeper.util.collections,ConcurrentLongLongPairHashMap.LongPair,58,0,8,0,12,0,8,0,4,0
Apache BookKeeper :: Server,org.apache.bookkeeper.util.collections,ConcurrentOpenHashSet,389,0,36,0,67,0,39,0,21,0
Apache BookKeeper :: Server,org.apache.bookkeeper.util.collections,ConcurrentOpenHashMap.Builder,77,0,0,0,23,0,9,0,9,0
Apache BookKeeper :: Server,org.apache.bookkeeper.util.collections,ConcurrentLongHashMap,496,0,42,0,83,0,49,0,28,0
Apache BookKeeper :: Server,org.apache.bookkeeper.util.collections,ConcurrentLongHashMap.Section,912,0,122,0,211,0,72,0,11,0
Apache BookKeeper :: Server,org.apache.bookkeeper.util.collections,ConcurrentOpenHashMap,512,0,42,0,89,0,49,0,28,0
Apache BookKeeper :: Server,org.apache.bookkeeper.util.collections,ConcurrentLongLongHashMap.Section,1216,0,144,0,262,0,86,0,14,0
Apache BookKeeper :: Server,org.apache.bookkeeper.util.collections,ConcurrentLongLongPairHashMap.Section,934,0,86,0,185,0,53,0,10,0
Apache BookKeeper :: Server,org.apache.bookkeeper.util.collections,ConcurrentLongHashSet.Section,631,0,70,0,145,0,45,0,10,0
Apache BookKeeper :: Server,org.apache.bookkeeper.util.collections,SynchronizedHashMultiMap,125,0,4,0,22,0,15,0,13,0
Apache BookKeeper :: Server,org.apache.bookkeeper.util.collections,ConcurrentLongLongHashMap.Builder,77,0,0,0,23,0,9,0,9,0
Apache BookKeeper :: Server,org.apache.bookkeeper.util.collections,ConcurrentLongHashSet.Builder,77,0,0,0,23,0,9,0,9,0
Apache BookKeeper :: Server,org.apache.bookkeeper.util.collections,ConcurrentLongLongPairHashMap.Builder,78,0,0,0,23,0,9,0,9,0
Apache BookKeeper :: Server,org.apache.bookkeeper.net,BookieId,79,0,12,0,23,0,13,0,7,0
Apache BookKeeper :: Server,org.apache.bookkeeper.net,NetworkTopologyImpl,933,0,136,0,218,0,95,0,27,0
Apache BookKeeper :: Server,org.apache.bookkeeper.net,StabilizeNetworkTopology,110,0,4,0,27,0,12,0,10,0
Apache BookKeeper :: Server,org.apache.bookkeeper.net,BookieSocketAddress,181,0,12,0,38,0,21,0,15,0
Apache BookKeeper :: Server,org.apache.bookkeeper.net,StabilizeNetworkTopology.RemoveNodeTask,81,0,8,0,16,0,6,0,2,0
Apache BookKeeper :: Server,org.apache.bookkeeper.net,NetworkTopologyImpl.InvalidTopologyException,4,0,0,0,2,0,1,0,1,0
Apache BookKeeper :: Server,org.apache.bookkeeper.net,NodeBase,208,0,24,0,58,0,29,0,17,0
Apache BookKeeper :: Server,org.apache.bookkeeper.net,CachedDNSToSwitchMapping,155,0,14,0,37,0,17,0,10,0
Apache BookKeeper :: Server,org.apache.bookkeeper.net,ScriptBasedMapping.RawScriptBasedMapping,328,0,34,0,78,0,25,0,8,0
Apache BookKeeper :: Server,org.apache.bookkeeper.net,DNSToSwitchMapping,3,0,0,0,2,0,2,0,2,0
Apache BookKeeper :: Server,org.apache.bookkeeper.net,AbstractDNSToSwitchMapping,141,0,14,0,34,0,19,0,12,0
Apache BookKeeper :: Server,org.apache.bookkeeper.net,NetworkTopologyImpl.InnerNode,599,0,96,0,119,0,65,0,17,0
Apache BookKeeper :: Server,org.apache.bookkeeper.net,ScriptBasedMapping,39,0,0,0,11,0,6,0,6,0
Apache BookKeeper :: Server,org.apache.bookkeeper.net,NetUtils,90,0,8,0,21,0,8,0,4,0
Apache BookKeeper :: Server,org.apache.bookkeeper.net,DNS,390,0,36,0,97,0,32,0,14,0
Apache BookKeeper :: Server,org.apache.bookkeeper.net,StabilizeNetworkTopology.NodeStatus,23,0,2,0,9,0,5,0,4,0
Apache BookKeeper :: Server,org.apache.bookkeeper.net,BookieNode,40,0,2,0,10,0,6,0,5,0
Apache BookKeeper :: Server,org.apache.bookkeeper.proto,BookkeeperInternalCallbacks.GenericCallbackFuture,16,0,2,0,5,0,3,0,2,0
Apache BookKeeper :: Server,org.apache.bookkeeper.proto,BookieClientImpl.Counter,33,0,2,0,10,0,5,0,4,0
Apache BookKeeper :: Server,org.apache.bookkeeper.proto,ForceLedgerProcessorV3,184,0,15,0,55,0,14,0,6,0
Apache BookKeeper :: Server,org.apache.bookkeeper.proto,BookieRequestProcessor,1287,0,112,0,364,0,113,0,52,0
Apache BookKeeper :: Server,org.apache.bookkeeper.proto,PerChannelBookieClient.ReadLacCompletion.new BookkeeperInternalCallbacks.ReadLacCallback() {...},31,0,0,0,5,0,2,0,2,0
Apache BookKeeper :: Server,org.apache.bookkeeper.proto,ReadLastConfirmedAndEntryContext,37,0,0,0,14,0,7,0,7,0
Apache BookKeeper :: Server,org.apache.bookkeeper.proto,ReadEntryProcessorV3,624,0,44,0,139,0,39,0,17,0
Apache BookKeeper :: Server,org.apache.bookkeeper.proto,BookieNettyServer.RejectRequestHandler,5,0,0,0,2,0,1,0,1,0
Apache BookKeeper :: Server,org.apache.bookkeeper.proto,PerChannelBookieClient.ContextPreservingFutureListener,18,0,0,0,8,0,2,0,2,0
Apache BookKeeper :: Server,org.apache.bookkeeper.proto,BookieClientImpl.ChannelReadyForAddEntryCallback.new Recycler() {...},9,0,0,0,2,0,2,0,2,0
Apache BookKeeper :: Server,org.apache.bookkeeper.proto,PerChannelBookieClient.GetListOfEntriesOfLedgerCompletion.new BookkeeperInternalCallbacks.GetListOfEntriesOfLedgerCallback() {...},29,0,0,0,5,0,2,0,2,0
Apache BookKeeper :: Server,org.apache.bookkeeper.proto,BookieProtocol.AuthRequest,17,0,0,0,5,0,2,0,2,0
Apache BookKeeper :: Server,org.apache.bookkeeper.proto,PerChannelBookieClient.ReadV2ResponseCallback.new Recycler() {...},9,0,0,0,2,0,2,0,2,0
Apache BookKeeper :: Server,org.apache.bookkeeper.proto,DefaultPerChannelBookieClientPool,302,0,32,0,59,0,31,0,15,0
Apache BookKeeper :: Server,org.apache.bookkeeper.proto,BookieServer.DeathWatcher,53,0,2,0,16,0,4,0,3,0
Apache BookKeeper :: Server,org.apache.bookkeeper.proto,PerChannelBookieClient.GetListOfEntriesOfLedgerCompletion,106,0,8,0,26,0,9,0,5,0
Apache BookKeeper :: Server,org.apache.bookkeeper.proto,WriteEntryProcessorV3,303,0,18,0,76,0,15,0,6,0
Apache BookKeeper :: Server,org.apache.bookkeeper.proto,RequestUtils,223,0,34,0,49,0,26,0,9,0
Apache BookKeeper :: Server,org.apache.bookkeeper.proto,BookieServer,309,0,22,0,84,0,29,0,18,0
Apache BookKeeper :: Server,org.apache.bookkeeper.proto,PacketProcessorBaseV3,171,0,20,0,43,0,16,0,6,0
Apache BookKeeper :: Server,org.apache.bookkeeper.proto,BookieProtoEncoding.RequestDecoder,82,0,6,0,24,0,5,0,2,0
[...]
Apache BookKeeper :: Server,org.apache.bookkeeper.tools.cli.commands.bookie,InitCommand,29,0,0,0,12,0,2,0,2,0
Apache BookKeeper :: Server,org.apache.bookkeeper.tools.cli.commands.bookie,ReadLedgerCommand.ReadLedgerFlags,52,0,0,0,5,0,9,0,9,0
Apache BookKeeper :: Server,org.apache.bookkeeper.tools.cli.commands.bookie,ConvertToInterleavedStorageCommand,290,0,16,0,60,0,15,0,7,0
Apache BookKeeper :: Server,org.apache.bookkeeper.tools.cli.commands.bookie,ReadLogMetadataCommand.ReadLogMetadataFlags,21,0,0,0,3,0,4,0,4,0
Apache BookKeeper :: Server,org.apache.bookkeeper.tools.cli.commands.bookie,ListFilesOnDiscCommand,150,0,14,0,32,0,12,0,5,0
Apache BookKeeper :: Server,org.apache.bookkeeper.tools.cli.commands.bookie,ReadLogCommand,405,0,40,0,72,0,31,0,11,0
Apache BookKeeper :: Server,org.apache.bookkeeper.tools.cli.commands.bookie,FlipBookieIdCommand.FlipBookieIdFlags,48,0,0,0,6,0,7,0,7,0
Apache BookKeeper :: Server,org.apache.bookkeeper.tools.cli.commands.bookie,ListActiveLedgersCommand,252,0,18,0,68,0,20,0,11,0
Apache BookKeeper :: Server,org.apache.bookkeeper.tools.cli.commands.bookie,ReadLogCommand.new EntryLogScanner() {...},23,0,0,0,4,0,3,0,3,0
Apache BookKeeper :: Server,org.apache.bookkeeper.tools.cli.commands.bookie,ReadLogCommand.new EntryLogScanner() {...},83,0,14,0,8,0,10,0,3,0
Apache BookKeeper :: Server,org.apache.bookkeeper.tools.cli.commands.bookie,ReadLogCommand.new EntryLogScanner() {...},94,0,14,0,12,0,10,0,3,0
Apache BookKeeper :: Server,org.apache.bookkeeper.tools.cli.commands.bookie,RegenerateInterleavedStorageIndexFileCommand,112,0,8,0,31,0,10,0,6,0
Apache BookKeeper :: Server,org.apache.bookkeeper.tools.cli.commands.bookie,ConvertToDBStorageCommand.CTDBFlags,11,0,0,0,3,0,2,0,2,0
Apache BookKeeper :: Server,org.apache.bookkeeper.tools.cli.commands.bookie,ListFilesOnDiscCommand.LFODFlags,18,0,0,0,2,0,4,0,4,0
Apache BookKeeper :: Server,org.apache.bookkeeper.tools.cli.commands.bookie,RegenerateInterleavedStorageIndexFileCommand.RISIFFlags,29,0,0,0,4,0,5,0,5,0
Apache BookKeeper :: Server,org.apache.bookkeeper.tools.cli.commands.bookie,CheckDBLedgersIndexCommand.CheckLedgersIndexFlags,8,0,0,0,2,0,2,0,2,0
Apache BookKeeper :: Server,org.apache.bookkeeper.tools.cli.commands.bookie,ListLedgersCommand,262,0,24,0,70,0,24,0,12,0
Apache BookKeeper :: Server,org.apache.bookkeeper.tools.cli.commands.bookie,UpdateBookieInLedgerCommand.UpdateBookieInLedgerFlags,53,0,0,0,6,0,8,0,8,0
Apache BookKeeper :: Server,org.apache.bookkeeper.tools.cli.commands.bookie,ConvertToDBStorageCommand,163,0,12,0,39,0,13,0,7,0
Apache BookKeeper :: Server,org.apache.bookkeeper.tools.cli.commands.bookie,SanityTestCommand.SanityFlags,19,0,0,0,4,0,3,0,3,0
Apache BookKeeper :: Server,org.apache.bookkeeper.tools.cli.commands.bookie,ReadJournalCommand.ReadJournalFlags,48,0,0,0,7,0,7,0,7,0
Apache BookKeeper :: Server,org.apache.bookkeeper.tools.cli.commands.bookie,FormatUtil,174,0,8,0,43,0,8,0,4,0
Apache BookKeeper :: Server,org.apache.bookkeeper.tools.cli.commands.bookie,SanityTestCommand,237,0,10,0,44,0,10,0,5,0
Apache BookKeeper :: Server,org.apache.bookkeeper.tools.cli.commands.bookie,RebuildDBLedgersIndexCommand.RebuildLedgersIndexFlags,8,0,0,0,2,0,2,0,2,0
Apache BookKeeper :: Server,org.apache.bookkeeper.tools.cli.commands.bookie,ReadLedgerCommand,317,0,30,0,82,0,24,0,9,0
Apache BookKeeper :: Server,org.apache.bookkeeper.tools.cli.commands.bookie,RebuildDBLedgerLocationsIndexCommand,39,0,0,0,11,0,3,0,3,0
Apache BookKeeper :: Server,org.apache.bookkeeper.discover,BookieServiceInfo.Endpoint,103,0,0,0,29,0,15,0,15,0
Apache BookKeeper :: Server,org.apache.bookkeeper.discover,ZKRegistrationClient.WatchTask,178,0,20,0,51,0,22,0,12,0
Apache BookKeeper :: Server,org.apache.bookkeeper.discover,RegistrationClient,18,0,0,0,5,0,1,0,1,0
Apache BookKeeper :: Server,org.apache.bookkeeper.discover,ZKRegistrationManager,1288,0,80,0,268,0,65,0,25,0
Apache BookKeeper :: Server,org.apache.bookkeeper.discover,BookieServiceInfo,58,0,0,0,17,0,9,0,9,0
Apache BookKeeper :: Server,org.apache.bookkeeper.discover,ZKRegistrationManager.new Watcher() {...},17,0,2,0,4,0,3,0,2,0
Apache BookKeeper :: Server,org.apache.bookkeeper.discover,BookieServiceInfoUtils,44,0,0,0,10,0,2,0,2,0
Apache BookKeeper :: Server,org.apache.bookkeeper.discover,ZKRegistrationClient,661,0,52,0,157,0,53,0,27,0
Apache BookKeeper :: Server,org.apache.bookkeeper.discover,ZKRegistrationClient.BookieServiceInfoCacheInvalidationWatcher,85,0,11,0,20,0,8,0,2,0
Apache BookKeeper :: Server,org.apache.bookkeeper.server.service,HttpService,79,0,2,0,20,0,6,0,5,0
Apache BookKeeper :: Server,org.apache.bookkeeper.server.service,BookieService,110,0,4,0,34,0,11,0,9,0
Apache BookKeeper :: Server,org.apache.bookkeeper.server.service,AutoRecoveryService,34,0,0,0,13,0,6,0,6,0
Apache BookKeeper :: Server,org.apache.bookkeeper.server.service,ScrubberService,203,0,12,0,45,0,14,0,8,0
Apache BookKeeper :: Server,org.apache.bookkeeper.server.service,StatsProviderService,29,0,0,0,11,0,5,0,5,0
Apache BookKeeper :: Server,org.apache.bookkeeper.tls,SecurityHandlerFactory,3,0,0,0,1,0,1,0,1,0
Apache BookKeeper :: Server,org.apache.bookkeeper.tls,TLSContextFactory,946,0,109,0,248,0,76,0,19,0
Apache BookKeeper :: Server,org.apache.bookkeeper.tls,SecurityProviderFactoryFactory,43,0,4,0,13,0,5,0,3,0
Apache BookKeeper :: Server,org.apache.bookkeeper.tls,FileModifiedTimeUpdater,60,0,6,0,18,0,9,0,6,0
Apache BookKeeper :: Server,org.apache.bookkeeper.tls,BookieAuthZFactory.new BookieAuthProvider() {...},181,0,20,0,39,0,13,0,3,0
Apache BookKeeper :: Server,org.apache.bookkeeper.tls,SecurityHandlerFactory.NodeType,21,0,0,0,4,0,1,0,1,0
Apache BookKeeper :: Server,org.apache.bookkeeper.tls,TLSContextFactory.KeyStoreType,35,0,0,0,8,0,3,0,3,0
Apache BookKeeper :: Server,org.apache.bookkeeper.tls,BookieAuthZFactory,58,0,8,0,11,0,9,0,5,0
Apache BookKeeper :: Server,org.apache.bookkeeper.tls,SecurityException,16,0,0,0,7,0,4,0,4,0
Apache BookKeeper :: Server,org.apache.bookkeeper.tools.cli.commands.bookies,MetaFormatCommand,32,0,0,0,11,0,3,0,3,0
Apache BookKeeper :: Server,org.apache.bookkeeper.tools.cli.commands.bookies,DecommissionCommand,120,0,4,0,33,0,8,0,6,0
Apache BookKeeper :: Server,org.apache.bookkeeper.tools.cli.commands.bookies,InfoCommand,272,0,12,0,51,0,13,0,7,0
Apache BookKeeper :: Server,org.apache.bookkeeper.tools.cli.commands.bookies,DecommissionCommand.DecommissionFlags,8,0,0,0,2,0,2,0,2,0
Apache BookKeeper :: Server,org.apache.bookkeeper.tools.cli.commands.bookies,RecoverCommand,429,0,34,0,111,0,29,0,12,0
Apache BookKeeper :: Server,org.apache.bookkeeper.tools.cli.commands.bookies,EndpointInfoCommand,163,0,12,0,41,0,13,0,7,0
Apache BookKeeper :: Server,org.apache.bookkeeper.tools.cli.commands.bookies,NukeExistingClusterCommand.NukeExistingClusterFlags,18,0,0,0,2,0,4,0,4,0
Apache BookKeeper :: Server,org.apache.bookkeeper.tools.cli.commands.bookies,ListBookiesCommand.Flags,27,0,0,0,5,0,4,0,4,0
Apache BookKeeper :: Server,org.apache.bookkeeper.tools.cli.commands.bookies,InitCommand,24,0,0,0,9,0,2,0,2,0
Apache BookKeeper :: Server,org.apache.bookkeeper.tools.cli.commands.bookies,MetaFormatCommand.MetaFormatFlags,13,0,0,0,2,0,3,0,3,0
Apache BookKeeper :: Server,org.apache.bookkeeper.tools.cli.commands.bookies,NukeExistingClusterCommand,52,0,4,0,16,0,6,0,4,0
Apache BookKeeper :: Server,org.apache.bookkeeper.tools.cli.commands.bookies,ListBookiesCommand,142,0,24,0,48,0,17,0,5,0
Apache BookKeeper :: Server,org.apache.bookkeeper.tools.cli.commands.bookies,InstanceIdCommand,53,0,0,0,16,0,4,0,4,0
Apache BookKeeper :: Server,org.apache.bookkeeper.tools.cli.commands.bookies,RecoverCommand.RecoverFlags,51,0,0,0,3,0,10,0,10,0
Apache BookKeeper :: Server,org.apache.bookkeeper.tools.cli.commands.bookies,EndpointInfoCommand.EndpointInfoFlags,8,0,0,0,2,0,2,0,2,0
Apache BookKeeper :: Server,org.apache.bookkeeper.metastore,MSException.MSInterruptedException,11,0,0,0,4,0,2,0,2,0
Apache BookKeeper :: Server,org.apache.bookkeeper.metastore,InMemoryMetastoreTable.new Runnable() {...},26,0,0,0,3,0,2,0,2,0
Apache BookKeeper :: Server,org.apache.bookkeeper.metastore,InMemoryMetastoreTable.new Runnable() {...},47,0,0,0,6,0,2,0,2,0
Apache BookKeeper :: Server,org.apache.bookkeeper.metastore,InMemoryMetastoreTable.new Runnable() {...},61,0,6,0,9,0,5,0,2,0
Apache BookKeeper :: Server,org.apache.bookkeeper.metastore,InMemoryMetastoreTable.new Runnable() {...},58,0,0,0,4,0,2,0,2,0
Apache BookKeeper :: Server,org.apache.bookkeeper.metastore,InMemoryMetastoreTable.new Runnable() {...},30,0,0,0,3,0,2,0,2,0
Apache BookKeeper :: Server,org.apache.bookkeeper.metastore,InMemoryMetastoreTable.new Runnable() {...},74,0,8,0,9,0,6,0,2,0
Apache BookKeeper :: Server,org.apache.bookkeeper.metastore,MetastoreScannableTable,5,0,0,0,2,0,1,0,1,0
Apache BookKeeper :: Server,org.apache.bookkeeper.metastore,MSException.BadVersionException,11,0,0,0,4,0,2,0,2,0
Apache BookKeeper :: Server,org.apache.bookkeeper.metastore,MSWatchedEvent.EventType,15,0,0,0,1,0,1,0,1,0
Apache BookKeeper :: Server,org.apache.bookkeeper.metastore,MSException.OperationFailureException,11,0,0,0,4,0,2,0,2,0
Apache BookKeeper :: Server,org.apache.bookkeeper.metastore,MetastoreUtils.MultiMetastoreCallback,57,0,6,0,17,0,6,0,3,0
Apache BookKeeper :: Server,org.apache.bookkeeper.metastore,MSException.Code,121,0,2,0,22,0,6,0,5,0
Apache BookKeeper :: Server,org.apache.bookkeeper.metastore,InMemoryMetastoreTable,554,0,64,0,115,0,51,0,19,0
Apache BookKeeper :: Server,org.apache.bookkeeper.metastore,MetastoreCursor,5,0,0,0,1,0,1,0,1,0
Apache BookKeeper :: Server,org.apache.bookkeeper.metastore,InMemoryMetastoreTable.MetadataVersion,101,0,18,0,29,0,16,0,7,0
Apache BookKeeper :: Server,org.apache.bookkeeper.metastore,MetastoreUtils,115,0,8,0,31,0,7,0,3,0
Apache BookKeeper :: Server,org.apache.bookkeeper.metastore,MetastoreScannableTable.Order,15,0,0,0,3,0,1,0,1,0
Apache BookKeeper :: Server,org.apache.bookkeeper.metastore,MetastoreException,13,0,0,0,6,0,3,0,3,0
Apache BookKeeper :: Server,org.apache.bookkeeper.metastore,MSException.NoEntriesException,11,0,0,0,4,0,2,0,2,0
Apache BookKeeper :: Server,org.apache.bookkeeper.metastore,InMemoryMetastoreTable.Result,9,0,0,0,4,0,1,0,1,0
Apache BookKeeper :: Server,org.apache.bookkeeper.metastore,MetastoreUtils.SyncMetastoreCallback,35,0,2,0,10,0,4,0,3,0
Apache BookKeeper :: Server,org.apache.bookkeeper.metastore,MetastoreFactory,21,0,0,0,4,0,2,0,2,0
Apache BookKeeper :: Server,org.apache.bookkeeper.metastore,MSException,100,0,8,0,18,0,13,0,6,0
Apache BookKeeper :: Server,org.apache.bookkeeper.metastore,MSException.NoKeyException,11,0,0,0,4,0,2,0,2,0
Apache BookKeeper :: Server,org.apache.bookkeeper.metastore,Value,265,0,24,0,61,0,25,0,13,0
Apache BookKeeper :: Server,org.apache.bookkeeper.metastore,MSException.KeyExistsException,11,0,0,0,4,0,2,0,2,0
Apache BookKeeper :: Server,org.apache.bookkeeper.metastore,InMemoryMetastoreCursor,89,0,6,0,23,0,9,0,6,0
Apache BookKeeper :: Server,org.apache.bookkeeper.metastore,InMemoryMetastoreCursor.new Runnable() {...},42,0,2,0,7,0,3,0,2,0
Apache BookKeeper :: Server,org.apache.bookkeeper.metastore,InMemoryMetaStore,47,0,2,0,15,0,11,0,10,0
Apache BookKeeper :: Server,org.apache.bookkeeper.metastore,MSWatchedEvent,15,0,0,0,6,0,3,0,3,0
Apache BookKeeper :: Server,org.apache.bookkeeper.metastore,MSException.ServiceDownException,11,0,0,0,4,0,2,0,2,0
Apache BookKeeper :: Server,org.apache.bookkeeper.metastore,MetastoreCursor.new MetastoreCursor() {...},18,0,0,0,6,0,5,0,5,0
Apache BookKeeper :: Server,org.apache.bookkeeper.metastore,MSException.IllegalOpException,11,0,0,0,4,0,2,0,2,0
Apache BookKeeper :: Server,org.apache.bookkeeper.metastore,MetastoreTable,5,0,0,0,2,0,1,0,1,0
Apache BookKeeper :: Server,org.apache.bookkeeper.metastore,MetastoreTableItem,23,0,0,0,10,0,5,0,5,0
Apache BookKeeper :: Server,org.apache.bookkeeper.bookie.storage.ldb,TransientLedgerInfo,214,0,20,0,61,0,20,0,10,0
Apache BookKeeper :: Server,org.apache.bookkeeper.bookie.storage.ldb,LongPairWrapper.new Recycler() {...},9,0,0,0,2,0,2,0,2,0
Apache BookKeeper :: Server,org.apache.bookkeeper.bookie.storage.ldb,KeyValueStorageRocksDB.new KeyValueStorage.CloseableIterator() {...},44,0,0,0,9,0,4,0,4,0
Apache BookKeeper :: Server,org.apache.bookkeeper.bookie.storage.ldb,KeyValueStorageRocksDB.new KeyValueStorage.CloseableIterator() {...},42,0,0,0,10,0,4,0,4,0
Apache BookKeeper :: Server,org.apache.bookkeeper.bookie.storage.ldb,KeyValueStorageRocksDB.new KeyValueStorage.CloseableIterator() {...},30,0,0,0,8,0,4,0,4,0
Apache BookKeeper :: Server,org.apache.bookkeeper.bookie.storage.ldb,LocationsIndexRebuildOp,278,0,10,0,54,0,9,0,4,0
Apache BookKeeper :: Server,org.apache.bookkeeper.bookie.storage.ldb,DbLedgerStorage.new Gauge() {...},17,0,0,0,3,0,3,0,3,0
Apache BookKeeper :: Server,org.apache.bookkeeper.bookie.storage.ldb,DbLedgerStorage.new Gauge() {...},17,0,0,0,3,0,3,0,3,0
Apache BookKeeper :: Server,org.apache.bookkeeper.bookie.storage.ldb,EntryLocationIndex,408,0,32,0,102,0,32,0,16,0
Apache BookKeeper :: Server,org.apache.bookkeeper.bookie.storage.ldb,SingleDirectoryDbLedgerStorage.new LedgerDirsManager.LedgerDirsListener() {...},93,0,10,0,24,0,11,0,6,0
Apache BookKeeper :: Server,org.apache.bookkeeper.bookie.storage.ldb,ArrayGroupSort,253,0,22,0,51,0,20,0,9,0
Apache BookKeeper :: Server,org.apache.bookkeeper.bookie.storage.ldb,DbLedgerStorage,1037,0,54,0,214,0,93,0,66,0
Apache BookKeeper :: Server,org.apache.bookkeeper.bookie.storage.ldb,LedgersIndexCheckOp,206,0,20,0,50,0,13,0,3,0
Apache BookKeeper :: Server,org.apache.bookkeeper.bookie.storage.ldb,LongPairWrapper,57,0,0,0,16,0,7,0,7,0
Apache BookKeeper :: Server,org.apache.bookkeeper.bookie.storage.ldb,ArrayUtil,211,0,14,0,21,0,12,0,5,0
Apache BookKeeper :: Server,org.apache.bookkeeper.bookie.storage.ldb,KeyValueStorage,2,0,0,0,2,0,2,0,2,0
Apache BookKeeper :: Server,org.apache.bookkeeper.bookie.storage.ldb,LedgerMetadataIndex,799,0,78,0,189,0,58,0,19,0
Apache BookKeeper :: Server,org.apache.bookkeeper.bookie.storage.ldb,LedgerMetadataIndex.new Predicate() {...},28,0,4,0,2,0,4,0,2,0
Apache BookKeeper :: Server,org.apache.bookkeeper.bookie.storage.ldb,ReadCache,421,0,24,0,82,0,21,0,9,0
Apache BookKeeper :: Server,org.apache.bookkeeper.bookie.storage.ldb,DbLedgerStorageStats.new Gauge() {...},17,0,0,0,3,0,3,0,3,0
Apache BookKeeper :: Server,org.apache.bookkeeper.bookie.storage.ldb,DbLedgerStorageStats.new Gauge() {...},17,0,0,0,3,0,3,0,3,0
Apache BookKeeper :: Server,org.apache.bookkeeper.bookie.storage.ldb,DbLedgerStorageStats.new Gauge() {...},17,0,0,0,3,0,3,0,3,0
Apache BookKeeper :: Server,org.apache.bookkeeper.bookie.storage.ldb,SingleDirectoryDbLedgerStorage,2075,0,152,0,523,0,152,0,76,0
Apache BookKeeper :: Server,org.apache.bookkeeper.bookie.storage.ldb,DbLedgerStorageStats.new Gauge() {...},17,0,0,0,3,0,3,0,3,0
Apache BookKeeper :: Server,org.apache.bookkeeper.bookie.storage.ldb,LedgersIndexRebuildOp,444,0,16,0,91,0,16,0,8,0
Apache BookKeeper :: Server,org.apache.bookkeeper.bookie.storage.ldb,EntryLocationIndexStats.new Gauge() {...},17,0,0,0,3,0,3,0,3,0
Apache BookKeeper :: Server,org.apache.bookkeeper.bookie.storage.ldb,DbLedgerStorageStats,215,0,0,0,52,0,24,0,24,0
Apache BookKeeper :: Server,org.apache.bookkeeper.bookie.storage.ldb,KeyValueStorageRocksDB.RocksDBBatch,78,0,0,0,26,0,7,0,7,0
Apache BookKeeper :: Server,org.apache.bookkeeper.bookie.storage.ldb,LedgerMetadataIndexStats.new Gauge() {...},17,0,0,0,3,0,3,0,3,0
Apache BookKeeper :: Server,org.apache.bookkeeper.bookie.storage.ldb,LongWrapper.new Recycler() {...},9,0,0,0,2,0,2,0,2,0
Apache BookKeeper :: Server,org.apache.bookkeeper.bookie.storage.ldb,KeyValueStorageFactory.DbConfigType,21,0,0,0,4,0,1,0,1,0
Apache BookKeeper :: Server,org.apache.bookkeeper.bookie.storage.ldb,LongWrapper,46,0,0,0,14,0,7,0,7,0
Apache BookKeeper :: Server,org.apache.bookkeeper.bookie.storage.ldb,KeyValueStorageRocksDB,967,0,47,0,219,0,51,0,26,0
Apache BookKeeper :: Server,org.apache.bookkeeper.bookie.storage.ldb,LedgerMetadataIndexStats,18,0,0,0,5,0,2,0,2,0
Apache BookKeeper :: Server,org.apache.bookkeeper.bookie.storage.ldb,EntryLocationIndexStats,26,0,0,0,7,0,3,0,3,0
Apache BookKeeper :: Server,org.apache.bookkeeper.bookie.storage.ldb,LocationsIndexRebuildOp.new EntryLogScanner() {...},118,0,4,0,18,0,5,0,3,0
Apache BookKeeper :: Server,org.apache.bookkeeper.bookie.storage.ldb,WriteCache,621,0,40,0,124,0,37,0,17,0
Apache BookKeeper :: Server,org.apache.bookkeeper.bookie.storage.ldb,LedgersIndexRebuildOp.new Journal.JournalScanner() {...},31,0,4,0,6,0,4,0,2,0
Apache BookKeeper :: Server,org.apache.bookkeeper.bookie.storage.ldb,LedgersIndexRebuildOp.new EntryLogScanner() {...},27,0,4,0,6,0,5,0,3,0
Apache BookKeeper :: Server,org.apache.bookkeeper.bookie.storage.ldb,LedgersIndexRebuildOp.new Journal.JournalIdFilter() {...},8,0,0,0,2,0,2,0,2,0
Apache BookKeeper :: Server,org.apache.bookkeeper.bookie.storage.ldb,PersistentEntryLogMetadataMap.new FastThreadLocal() {...},10,0,0,0,2,0,2,0,2,0
Apache BookKeeper :: Server,org.apache.bookkeeper.bookie.storage.ldb,PersistentEntryLogMetadataMap.new FastThreadLocal() {...},10,0,0,0,2,0,2,0,2,0
Apache BookKeeper :: Server,org.apache.bookkeeper.bookie.storage.ldb,PersistentEntryLogMetadataMap.new FastThreadLocal() {...},7,0,0,0,2,0,2,0,2,0
Apache BookKeeper :: Server,org.apache.bookkeeper.bookie.storage.ldb,PersistentEntryLogMetadataMap.new FastThreadLocal() {...},9,0,0,0,2,0,2,0,2,0
Apache BookKeeper :: Server,org.apache.bookkeeper.bookie.storage.ldb,PersistentEntryLogMetadataMap,400,0,22,0,111,0,23,0,12,0
Apache BookKeeper :: Server,org.apache.bookkeeper.bookie.storage.ldb,KeyValueStorageRocksDB.EntryWrapper,28,0,0,0,11,0,5,0,5,0
Apache BookKeeper :: Server,org.apache.bookkeeper.verifier,BookkeeperVerifier.WriteCallback,128,0,4,0,25,0,5,0,3,0
Apache BookKeeper :: Server,org.apache.bookkeeper.verifier,DirectBookkeeperDriver,259,0,10,0,46,0,18,0,13,0
Apache BookKeeper :: Server,org.apache.bookkeeper.verifier,BookkeeperVerifier.LedgerInfo.EntryIterator,74,0,4,0,16,0,8,0,6,0
Apache BookKeeper :: Server,org.apache.bookkeeper.verifier,BookkeeperVerifier.EntryInfo,31,0,0,0,9,0,3,0,3,0
Apache BookKeeper :: Server,org.apache.bookkeeper.verifier,BookkeeperVerifier.LedgerInfo,341,0,26,0,73,0,31,0,18,0
Apache BookKeeper :: Server,org.apache.bookkeeper.verifier,BookkeeperVerifierMain,330,0,2,0,79,0,4,0,3,0
Apache BookKeeper :: Server,org.apache.bookkeeper.verifier,BookkeeperVerifier,1171,0,70,0,207,0,52,0,17,0
Apache BookKeeper :: Server,org.apache.bookkeeper.client.impl,BookKeeperClientStatsImpl,204,0,0,0,54,0,26,0,26,0
Apache BookKeeper :: Server,org.apache.bookkeeper.client.impl,LedgerEntriesImpl,123,0,8,0,26,0,12,0,8,0
Apache BookKeeper :: Server,org.apache.bookkeeper.client.impl,LedgerEntriesImpl.new Recycler() {...},9,0,0,0,2,0,2,0,2,0
Apache BookKeeper :: Server,org.apache.bookkeeper.client.impl,LedgerEntryImpl.new Recycler() {...},9,0,0,0,2,0,2,0,2,0
Apache BookKeeper :: Server,org.apache.bookkeeper.client.impl,LedgerEntryImpl,122,0,0,0,42,0,17,0,17,0
Apache BookKeeper :: Server,org.apache.bookkeeper.client.impl,BookKeeperBuilderImpl,53,0,0,0,16,0,8,0,8,0
Apache BookKeeper :: Server,org.apache.bookkeeper.client.impl,LastConfirmedAndEntryImpl,72,0,6,0,23,0,10,0,7,0
Apache BookKeeper :: Server,org.apache.bookkeeper.client.impl,OpenBuilderBase,54,0,2,0,17,0,8,0,7,0
Apache BookKeeper :: Server,org.apache.bookkeeper.client.impl,LastConfirmedAndEntryImpl.new Recycler() {...},8,0,0,0,2,0,2,0,2,0
Apache BookKeeper :: Server,org.apache.bookkeeper.versioning,Version,17,0,2,0,5,0,3,0,2,0
Apache BookKeeper :: Server,org.apache.bookkeeper.versioning,Versioned,132,0,22,0,4,0,20,0,9,0
Apache BookKeeper :: Server,org.apache.bookkeeper.versioning,Version.new Version() {...},18,0,4,0,6,0,4,0,2,0
Apache BookKeeper :: Server,org.apache.bookkeeper.versioning,Version.Occurred,21,0,0,0,2,0,1,0,1,0
Apache BookKeeper :: Server,org.apache.bookkeeper.versioning,LongVersion,116,0,20,0,23,0,18,0,8,0
